.\log\GpAuthenticate_CPS.log log start: Mon Feb  6 13:10:15 2017
0000 DEBUG   Changed the voltage
0001 DEBUG   Timeout was set
0002 DEBUG   Available readers = O2Micro CCID SC Reader 0
0003 DEBUG   Reader Initialized
0004 INFO    Connected to reader: O2Micro CCID SC Reader 0
0005 INFO    Card ATR = 3B6800000073C84011009000
0006 INFO    PPS is exchanged automatically by OS
0007 INFO    Card ATR = 3B6800000073C84011009000
0008 DEBUG   KMC ENC = 404142434445464748494A4B4C4D4E4F
0009 DEBUG   KMC MAC = 404142434445464748494A4B4C4D4E4F
0010 DEBUG   KMC KEK = 404142434445464748494A4B4C4D4E4F
0011 INFO    send: 00A4040008A000000003000000 [3S]
0012 INFO    Recv: 6112  
0013 INFO    send: 00C0000012 [2S]
0014 INFO    Recv: 9000 6F108408A000000003000000A5049F6501FF 
0015 INFO    CM AID is A000000003000000 selected!
0016 DEBUG   key_derivation_type = 2
0017 DEBUG   Random = 19df066d53d87dd1
0018 INFO    send: 805000000819DF066D53D87DD1 [3S]
0019 INFO    Recv: 611C  
0020 INFO    send: 00C000001C [2S]
0021 INFO    Recv: 9000 000033320108435F192301020000D54050D8DB73D4E8280908B43FA9 
0022 DEBUG   Key Version (Hex) = 01
0023 DEBUG   SCP Major Version (Hex) = 02
0024 WARNING Overriding SCP version: card reports 2 but user requested 8
0025 DEBUG   Card Challenge = 0000D54050D8DB73
0026 DEBUG   Card Cryptogram = D4E8280908B43FA9
0027 DEBUG   diversification data EMV = 0108435F1923F0010108435F19230F01
0028 DEBUG   Derived key ENC = A0444030B3A91A9BCCE317EA90D32403
0029 DEBUG   diversification data EMV = 0108435F1923F0020108435F19230F02
0030 DEBUG   Derived key MAC = 1C373178FC401806BFDD7FE0A9D5CA48
0031 DEBUG   diversification data EMV = 0108435F1923F0030108435F19230F03
0032 DEBUG   Derived key KEK = D550D80DBB700B6430703360061D9A7D
0033 DEBUG   SCP02 dersification data ENC = 01820000000000000000000000000000
0034 DEBUG   SCP02 dersification data MAC = 01010000000000000000000000000000
0035 DEBUG   SCP02 dersification data KEK = 01810000000000000000000000000000
0036 DEBUG   SCP02 Session Key ENC = 271D5E77F2559E733827F26838B0F067
0037 DEBUG   SCP02 Session Key MAC = 257ACA52935497ACC469ED42C6ADDC91
0038 DEBUG   SCP02 Session Key KEK = 34EB02A6BACC08264FF54CC9666C7AD2
0039 DEBUG   Computed MAC = 135085D7A72763673D36E1D980357BD8D4E8280908B43FA9
0040 DEBUG   Computed MAC = E39128052772AB10C5BD24BFD34ACF3FC2F21E3CA29F6C41
0041 DEBUG   apdu =  8482000010C2F21E3CA29F6C41
0042 DEBUG   C_MAC =  9A114747D83929E0
0043 INFO    send: 8482000010C2F21E3CA29F6C419A114747D83929E0 [3S]
0044 INFO    Recv: 9000  
0045 INFO    Reader disconnected!
log ends: Mon Feb  6 13:10:15 2017

.\log\GpAuthenticate_CPS.log log start: Tue Feb 21 15:34:58 2017
0000 DEBUG   Changed the voltage
0001 DEBUG   Timeout was set
0002 DEBUG   Available readers = O2Micro CCID SC Reader 0
0003 DEBUG   Reader Initialized
0004 INFO    Connected to reader: O2Micro CCID SC Reader 0
0005 INFO    Card ATR = 3B67000053432D3034304A
0006 INFO    PPS is exchanged automatically by OS
0007 INFO    Card ATR = 3B67000053432D3034304A
0008 DEBUG   KMC ENC = 404142434445464748494A4B4C4D4E4F
0009 DEBUG   KMC MAC = 404142434445464748494A4B4C4D4E4F
0010 DEBUG   KMC KEK = 404142434445464748494A4B4C4D4E4F
0011 INFO    send: 00A4040008A000000003000000 [3S]
0012 INFO    Recv: 6112  
0013 INFO    send: 00C0000012 [2S]
0014 INFO    Recv: 9000 6F108408A000000003000000A5049F6501FE 
0015 INFO    CM AID is A000000003000000 selected!
0016 DEBUG   key_derivation_type = 2
0017 DEBUG   Random = c121b22ef12818cb
.\log\GpAuthenticate_CPS.log log start: Tue Feb 21 15:35:49 2017
0000 DEBUG   Changed the voltage
0001 DEBUG   Timeout was set
0002 DEBUG   Available readers = O2Micro CCID SC Reader 0
0003 DEBUG   Reader Initialized
0004 INFO    Connected to reader: O2Micro CCID SC Reader 0
0005 INFO    Card ATR = 3B67000053432D3034304A
0006 INFO    PPS is exchanged automatically by OS
0007 INFO    Card ATR = 3B67000053432D3034304A
0008 DEBUG   KMC ENC = 404142434445464748494A4B4C4D4E4F
0009 DEBUG   KMC MAC = 404142434445464748494A4B4C4D4E4F
0010 DEBUG   KMC KEK = 404142434445464748494A4B4C4D4E4F
0011 INFO    send: 00A4040008A000000003000000 [3S]
0012 INFO    Recv: 6112  
0013 INFO    send: 00C0000012 [2S]
0014 INFO    Recv: 9000 6F108408A000000003000000A5049F6501FE 
0015 INFO    CM AID is A000000003000000 selected!
0016 DEBUG   key_derivation_type = 2
0017 DEBUG   Random = 8f94c04bc99acb3a
0018 INFO    send: 80500000088F94C04BC99ACB3A [3S]
0019 INFO    Recv: 611C  
0020 INFO    send: 00C000001C [2S]
0021 INFO    Recv: 9000 0000428402046F43246CFF0200577E919A33292D00853221E3E6C6F5 
0022 DEBUG   Key Version (Hex) = ff
0023 DEBUG   SCP Major Version (Hex) = 02
0024 WARNING Overriding SCP version: card reports 2 but user requested 8
0025 DEBUG   Card Challenge = 00577E919A33292D
0026 DEBUG   Card Cryptogram = 00853221E3E6C6F5
0027 DEBUG   diversification data EMV = 02046F43246CF00102046F43246C0F01
0028 DEBUG   Derived key ENC = C687FA31300F14CA3E46CF0D799C4C66
0029 DEBUG   diversification data EMV = 02046F43246CF00202046F43246C0F02
0030 DEBUG   Derived key MAC = A2A072CFC442FE9ACF573D302C0FBBF9
0031 DEBUG   diversification data EMV = 02046F43246CF00302046F43246C0F03
0032 DEBUG   Derived key KEK = 62BE98834C68D84E10D496C0E268E390
0033 DEBUG   SCP02 dersification data ENC = 01820057000000000000000000000000
0034 DEBUG   SCP02 dersification data MAC = 01010057000000000000000000000000
0035 DEBUG   SCP02 dersification data KEK = 01810057000000000000000000000000
0036 DEBUG   SCP02 Session Key ENC = 5928D06BDA0318F1B69BDD75CD380C0B
0037 DEBUG   SCP02 Session Key MAC = 0844DCFD8A5FC03DABFFE510041313E2
0038 DEBUG   SCP02 Session Key KEK = 8255E94A5E5BE8ED38B2AFC3AF405019
0039 DEBUG   Computed MAC = C3CE86EBB39030257C9502EC3F8110CC1555AFB85852FE84
.\log\GpAuthenticate_CPS.log log start: Thu Feb 23 10:39:38 2017
0000 DEBUG   Available readers = O2Micro CCID SC Reader 0
0001 DEBUG   Reader Initialized
0002 INFO    Connected to reader: O2Micro CCID SC Reader 0
0003 INFO    Card ATR = 3B67000053432D3034304A
0004 DEBUG   KMC ENC = 404142434445464748494A4B4C4D4E4F
0005 DEBUG   KMC MAC = 404142434445464748494A4B4C4D4E4F
0006 DEBUG   KMC KEK = 404142434445464748494A4B4C4D4E4F
0007 INFO    send: 00A4040008A000000003000000 [3S]
0008 INFO    Recv: 6112  
0009 INFO    send: 00C0000012 [2S]
0010 INFO    Recv: 9000 6F108408A000000003000000A5049F6501FE 
0011 INFO    CM AID is A000000003000000 selected!
0012 DEBUG   key_derivation_type = 2
0013 DEBUG   Random = e9c122152258ef0c
0014 INFO    send: 8050000008E9C122152258EF0C [3S]
0015 INFO    Recv: 611C  
0016 INFO    send: 00C000001C [2S]
0017 INFO    Recv: 9000 0000428402046F43246CFF02006983C3D6B7B629ED1D85D38A49577F 
0018 DEBUG   Key Version (Hex) = ff
0019 DEBUG   SCP Major Version (Hex) = 02
0020 WARNING Overriding SCP version: card reports 2 but user requested 8
0021 DEBUG   Card Challenge = 006983C3D6B7B629
0022 DEBUG   Card Cryptogram = ED1D85D38A49577F
0023 DEBUG   diversification data EMV = 02046F43246CF00102046F43246C0F01
0024 DEBUG   Derived key ENC = C687FA31300F14CA3E46CF0D799C4C66
0025 DEBUG   diversification data EMV = 02046F43246CF00202046F43246C0F02
0026 DEBUG   Derived key MAC = A2A072CFC442FE9ACF573D302C0FBBF9
0027 DEBUG   diversification data EMV = 02046F43246CF00302046F43246C0F03
0028 DEBUG   Derived key KEK = 62BE98834C68D84E10D496C0E268E390
0029 DEBUG   SCP02 dersification data ENC = 01820069000000000000000000000000
0030 DEBUG   SCP02 dersification data MAC = 01010069000000000000000000000000
0031 DEBUG   SCP02 dersification data KEK = 01810069000000000000000000000000
0032 DEBUG   SCP02 Session Key ENC = EC6B9C201187F2BB1E81250594595113
0033 DEBUG   SCP02 Session Key MAC = 159198125AF03F4FE5FCC9E955D60A67
0034 DEBUG   SCP02 Session Key KEK = 708B054FF1A700A4190F98BA15552034
0035 DEBUG   Computed MAC = 81F72998FCAFDA6DD1CBFC46B6E4AF4457D1A5301FC4FD5B
.\log\GpAuthenticate_CPS.log log start: Thu Feb 23 11:07:50 2017
0000 DEBUG   Available readers = O2Micro CCID SC Reader 0
0001 DEBUG   Reader Initialized
0002 INFO    Connected to reader: O2Micro CCID SC Reader 0
0003 INFO    Card ATR = 3B67000053432D3034304A
0004 DEBUG   KMC ENC = 404142434445464748494A4B4C4D4E4F
0005 DEBUG   KMC MAC = 404142434445464748494A4B4C4D4E4F
0006 DEBUG   KMC KEK = 404142434445464748494A4B4C4D4E4F
0007 INFO    send: 00A4040008A000000003000000 [3S]
0008 INFO    Recv: 6112  
0009 INFO    send: 00C0000012 [2S]
0010 INFO    Recv: 9000 6F108408A000000003000000A5049F6501FE 
0011 INFO    CM AID is A000000003000000 selected!
0012 DEBUG   key_derivation_type = 2
0013 DEBUG   Random = 5848bbd7d8318695
0014 INFO    send: 80500000085848BBD7D8318695 [3S]
0015 INFO    Recv: 611C  
0016 INFO    send: 00C000001C [2S]
0017 INFO    Recv: 9000 0000428402046F43246C01020000489DC422D7870589A14AB2E0D9A1 
0018 DEBUG   Key Version (Hex) = 01
0019 DEBUG   SCP Major Version (Hex) = 02
0020 WARNING Overriding SCP version: card reports 2 but user requested 8
0021 DEBUG   Card Challenge = 0000489DC422D787
0022 DEBUG   Card Cryptogram = 0589A14AB2E0D9A1
0023 DEBUG   diversification data EMV = 02046F43246CF00102046F43246C0F01
0024 DEBUG   Derived key ENC = C687FA31300F14CA3E46CF0D799C4C66
0025 DEBUG   diversification data EMV = 02046F43246CF00202046F43246C0F02
0026 DEBUG   Derived key MAC = A2A072CFC442FE9ACF573D302C0FBBF9
0027 DEBUG   diversification data EMV = 02046F43246CF00302046F43246C0F03
0028 DEBUG   Derived key KEK = 62BE98834C68D84E10D496C0E268E390
0029 DEBUG   SCP02 dersification data ENC = 01820000000000000000000000000000
0030 DEBUG   SCP02 dersification data MAC = 01010000000000000000000000000000
0031 DEBUG   SCP02 dersification data KEK = 01810000000000000000000000000000
0032 DEBUG   SCP02 Session Key ENC = 4892E1073756A7AF9516D66F2070EB31
0033 DEBUG   SCP02 Session Key MAC = C9C4AAD5CFB3736E9517E2BB59672321
0034 DEBUG   SCP02 Session Key KEK = C5644A79469E2B3C73DABD488C4A773C
0035 DEBUG   Computed MAC = 8E29423288BDAF81CBECE0343F2B71760589A14AB2E0D9A1
0036 DEBUG   Computed MAC = 2556D61F3BA0400D1AF3FE752A81C3C1D25C64AC4EACA7F2
0037 DEBUG   apdu =  8482000010D25C64AC4EACA7F2
0038 DEBUG   C_MAC =  F34360E51B3ED4AD
0039 INFO    send: 8482000010D25C64AC4EACA7F2F34360E51B3ED4AD [3S]
0040 INFO    Recv: 9000  
0041 INFO    Reader disconnected!
log ends: Thu Feb 23 11:07:51 2017

.\log\GpAuthenticate_CPS.log log start: Thu Feb 23 11:08:04 2017
0000 DEBUG   Available readers = O2Micro CCID SC Reader 0
0001 DEBUG   Reader Initialized
0002 INFO    Connected to reader: O2Micro CCID SC Reader 0
0003 INFO    Card ATR = 3B67000053432D3034304A
0004 DEBUG   KMC ENC = 404142434445464748494A4B4C4D4E4F
0005 DEBUG   KMC MAC = 404142434445464748494A4B4C4D4E4F
0006 DEBUG   KMC KEK = 404142434445464748494A4B4C4D4E4F
0007 INFO    send: 00A4040008A000000003000000 [3S]
0008 INFO    Recv: 6112  
0009 INFO    send: 00C0000012 [2S]
0010 INFO    Recv: 9000 6F108408A000000003000000A5049F6501FE 
0011 INFO    CM AID is A000000003000000 selected!
0012 DEBUG   key_derivation_type = 2
0013 DEBUG   Random = f99024852df094f5
0014 INFO    send: 8050000008F99024852DF094F5 [3S]
0015 INFO    Recv: 611C  
0016 INFO    send: 00C000001C [2S]
0017 INFO    Recv: 9000 0000428402046F43246C01020001FE4641AC7398A26E6A1F707F3A59 
0018 DEBUG   Key Version (Hex) = 01
0019 DEBUG   SCP Major Version (Hex) = 02
0020 WARNING Overriding SCP version: card reports 2 but user requested 8
0021 DEBUG   Card Challenge = 0001FE4641AC7398
0022 DEBUG   Card Cryptogram = A26E6A1F707F3A59
0023 DEBUG   diversification data EMV = 02046F43246CF00102046F43246C0F01
0024 DEBUG   Derived key ENC = C687FA31300F14CA3E46CF0D799C4C66
0025 DEBUG   diversification data EMV = 02046F43246CF00202046F43246C0F02
0026 DEBUG   Derived key MAC = A2A072CFC442FE9ACF573D302C0FBBF9
0027 DEBUG   diversification data EMV = 02046F43246CF00302046F43246C0F03
0028 DEBUG   Derived key KEK = 62BE98834C68D84E10D496C0E268E390
0029 DEBUG   SCP02 dersification data ENC = 01820001000000000000000000000000
0030 DEBUG   SCP02 dersification data MAC = 01010001000000000000000000000000
0031 DEBUG   SCP02 dersification data KEK = 01810001000000000000000000000000
0032 DEBUG   SCP02 Session Key ENC = 85712ADDFF3E4573D9A3822F3B9B28B2
0033 DEBUG   SCP02 Session Key MAC = C08A2E65DCE388DAABC8C4DE5EC08B20
0034 DEBUG   SCP02 Session Key KEK = 86872570C4618BF10A9152DAAC2E7701
0035 DEBUG   Computed MAC = 3579B21854738427B9867F5F280A3B07A26E6A1F707F3A59
0036 DEBUG   Computed MAC = 5B1655A5AA71DDAD869D74B753D61AF8C068975D7B0516EE
0037 DEBUG   apdu =  8482000010C068975D7B0516EE
0038 DEBUG   C_MAC =  253CEAA2DEE42289
0039 INFO    send: 8482000010C068975D7B0516EE253CEAA2DEE42289 [3S]
0040 INFO    Recv: 9000  
0041 INFO    Reader disconnected!
log ends: Thu Feb 23 11:08:04 2017

