.\log\GpAuthenticate_ChangeKeyCPS.log log start: Mon Feb  6 11:27:31 2017
0000 DEBUG   Changed the voltage
0001 DEBUG   Timeout was set
0002 DEBUG   Available readers = O2Micro CCID SC Reader 0
0003 DEBUG   Reader Initialized
0004 INFO    Connected to reader: O2Micro CCID SC Reader 0
0005 INFO    Card ATR = 3B6800000073C84011009000
0006 INFO    PPS is exchanged automatically by OS
0007 INFO    Card ATR = 3B6800000073C84011009000
0008 DEBUG   KMC ENC = 404142434445464748494A4B4C4D4E4F
0009 DEBUG   KMC MAC = 404142434445464748494A4B4C4D4E4F
0010 DEBUG   KMC KEK = 404142434445464748494A4B4C4D4E4F
0011 INFO    send: 00A4040008A000000003000000 [3S]
0012 INFO    Recv: 6112  
0013 INFO    send: 00C0000012 [2S]
0014 INFO    Recv: 9000 6F108408A000000003000000A5049F6501FF 
0015 INFO    CM AID is A000000003000000 selected!
0016 DEBUG   key_derivation_type = 0
0017 DEBUG   Random = a951bec4d67f7d55
0018 INFO    send: 8050000008A951BEC4D67F7D55 [3S]
0019 INFO    Recv: 611C  
0020 INFO    send: 00C000001C [2S]
0021 INFO    Recv: 9000 000033320108435F19230102001A36CEA1BBB6FD0A41C7BA27FB0651 
0022 DEBUG   Key Version (Hex) = 01
0023 DEBUG   SCP Major Version (Hex) = 02
0024 WARNING Overriding SCP version: card reports 2 but user requested 8
0025 DEBUG   Card Challenge = 001A36CEA1BBB6FD
0026 DEBUG   Card Cryptogram = 0A41C7BA27FB0651
0027 DEBUG   Not doing key diversification
0028 DEBUG   SCP02 dersification data ENC = 0182001A000000000000000000000000
0029 DEBUG   SCP02 dersification data MAC = 0101001A000000000000000000000000
0030 DEBUG   SCP02 dersification data KEK = 0181001A000000000000000000000000
0031 DEBUG   SCP02 Session Key ENC = B44DB1AE29F3A4E770BF2E5DA9BDEEDE
0032 DEBUG   SCP02 Session Key MAC = 7EAF8339237367212943FCC296AA78E8
0033 DEBUG   SCP02 Session Key KEK = 3CBA38F244BBF676A842EAC94FC2F4B1
0034 DEBUG   Computed MAC = 92AB8441BC8EE7300FBA685EF708B3870A41C7BA27FB0651
.\log\GpAuthenticate_ChangeKeyCPS.log log start: Mon Feb  6 11:28:41 2017
0000 DEBUG   Changed the voltage
0001 DEBUG   Timeout was set
0002 DEBUG   Available readers = O2Micro CCID SC Reader 0
0003 DEBUG   Reader Initialized
0004 INFO    Connected to reader: O2Micro CCID SC Reader 0
0005 INFO    Card ATR = 3B6800000073C84011009000
0006 INFO    PPS is exchanged automatically by OS
0007 INFO    Card ATR = 3B6800000073C84011009000
0008 DEBUG   KMC ENC = 404142434445464748494A4B4C4D4E4F
0009 DEBUG   KMC MAC = 404142434445464748494A4B4C4D4E4F
0010 DEBUG   KMC KEK = 404142434445464748494A4B4C4D4E4F
0011 INFO    send: 00A4040008A000000003000000 [3S]
0012 INFO    Recv: 6112  
0013 INFO    send: 00C0000012 [2S]
0014 INFO    Recv: 9000 6F108408A000000003000000A5049F6501FF 
0015 INFO    CM AID is A000000003000000 selected!
0016 DEBUG   key_derivation_type = 0
0017 DEBUG   Random = 5e74184795284404
0018 INFO    send: 80500000085E74184795284404 [3S]
0019 INFO    Recv: 611C  
0020 INFO    send: 00C000001C [2S]
0021 INFO    Recv: 9000 000033320108435F19230102001A36CEA1BBB6FDC1AEB107CAF16FE4 
0022 DEBUG   Key Version (Hex) = 01
0023 DEBUG   SCP Major Version (Hex) = 02
0024 WARNING Overriding SCP version: card reports 2 but user requested 8
0025 DEBUG   Card Challenge = 001A36CEA1BBB6FD
0026 DEBUG   Card Cryptogram = C1AEB107CAF16FE4
0027 DEBUG   Not doing key diversification
0028 DEBUG   SCP02 dersification data ENC = 0182001A000000000000000000000000
0029 DEBUG   SCP02 dersification data MAC = 0101001A000000000000000000000000
0030 DEBUG   SCP02 dersification data KEK = 0181001A000000000000000000000000
0031 DEBUG   SCP02 Session Key ENC = B44DB1AE29F3A4E770BF2E5DA9BDEEDE
0032 DEBUG   SCP02 Session Key MAC = 7EAF8339237367212943FCC296AA78E8
0033 DEBUG   SCP02 Session Key KEK = 3CBA38F244BBF676A842EAC94FC2F4B1
0034 DEBUG   Computed MAC = 7E55AB59E64E6AAEBB7251F2D18A226CC1AEB107CAF16FE4
.\log\GpAuthenticate_ChangeKeyCPS.log log start: Mon Feb  6 11:29:48 2017
0000 DEBUG   Changed the voltage
0001 DEBUG   Timeout was set
0002 DEBUG   Available readers = O2Micro CCID SC Reader 0
0003 DEBUG   Reader Initialized
0004 INFO    Connected to reader: O2Micro CCID SC Reader 0
0005 INFO    Card ATR = 3B6800000073C84011009000
0006 INFO    PPS is exchanged automatically by OS
0007 INFO    Card ATR = 3B6800000073C84011009000
0008 DEBUG   KMC ENC = 404142434445464748494A4B4C4D4E4F
0009 DEBUG   KMC MAC = 404142434445464748494A4B4C4D4E4F
0010 DEBUG   KMC KEK = 404142434445464748494A4B4C4D4E4F
0011 INFO    send: 00A4040008A000000003000000 [3S]
0012 INFO    Recv: 6112  
0013 INFO    send: 00C0000012 [2S]
0014 INFO    Recv: 9000 6F108408A000000003000000A5049F6501FF 
0015 INFO    CM AID is A000000003000000 selected!
0016 DEBUG   key_derivation_type = 0
0017 DEBUG   Random = 5aebde2fda4385a1
0018 INFO    send: 80500000085AEBDE2FDA4385A1 [3S]
0019 INFO    Recv: 611C  
0020 INFO    send: 00C000001C [2S]
0021 INFO    Recv: 9000 000033320108435F19230102001A36CEA1BBB6FDAC20B28B24BA0A08 
0022 DEBUG   Key Version (Hex) = 01
0023 DEBUG   SCP Major Version (Hex) = 02
0024 WARNING Overriding SCP version: card reports 2 but user requested 8
0025 DEBUG   Card Challenge = 001A36CEA1BBB6FD
0026 DEBUG   Card Cryptogram = AC20B28B24BA0A08
0027 DEBUG   Not doing key diversification
0028 DEBUG   SCP02 dersification data ENC = 0182001A000000000000000000000000
0029 DEBUG   SCP02 dersification data MAC = 0101001A000000000000000000000000
0030 DEBUG   SCP02 dersification data KEK = 0181001A000000000000000000000000
0031 DEBUG   SCP02 Session Key ENC = B44DB1AE29F3A4E770BF2E5DA9BDEEDE
0032 DEBUG   SCP02 Session Key MAC = 7EAF8339237367212943FCC296AA78E8
0033 DEBUG   SCP02 Session Key KEK = 3CBA38F244BBF676A842EAC94FC2F4B1
0034 DEBUG   Computed MAC = F2FB085446A461B9BDF8AFDB0CADFAB9AC20B28B24BA0A08
0035 DEBUG   diversification data EMV = 0108435F1923F0010108435F19230F01
0036 DEBUG   diversification data EMV = 0108435F1923F0020108435F19230F02
0037 DEBUG   diversification data EMV = 0108435F1923F0030108435F19230F03
0038 INFO    send: 00A4040008A000000003000000 [3S]
0039 INFO    Recv: 6112  
0040 INFO    send: 00C0000012 [2S]
0041 INFO    Recv: 9000 6F108408A000000003000000A5049F6501FF 
0042 INFO    CM AID is A000000003000000 selected!
0043 DEBUG   key_derivation_type = 0
0044 DEBUG   Random = 5aebde2fda4385a1
0045 INFO    send: 80500000085AEBDE2FDA4385A1 [3S]
0046 INFO    Recv: 611C  
0047 INFO    send: 00C000001C [2S]
0048 INFO    Recv: 9000 000033320108435F19230102001A36CEA1BBB6FDAC20B28B24BA0A08 
0049 DEBUG   Key Version (Hex) = 01
0050 DEBUG   SCP Major Version (Hex) = 02
0051 WARNING Overriding SCP version: card reports 2 but user requested 8
0052 DEBUG   Card Challenge = 001A36CEA1BBB6FD
0053 DEBUG   Card Cryptogram = AC20B28B24BA0A08
0054 DEBUG   Not doing key diversification
0055 DEBUG   SCP02 dersification data ENC = 0182001A000000000000000000000000
0056 DEBUG   SCP02 dersification data MAC = 0101001A000000000000000000000000
0057 DEBUG   SCP02 dersification data KEK = 0181001A000000000000000000000000
0058 DEBUG   SCP02 Session Key ENC = B44DB1AE29F3A4E770BF2E5DA9BDEEDE
0059 DEBUG   SCP02 Session Key MAC = 7EAF8339237367212943FCC296AA78E8
0060 DEBUG   SCP02 Session Key KEK = 3CBA38F244BBF676A842EAC94FC2F4B1
0061 DEBUG   Computed MAC = F2FB085446A461B9BDF8AFDB0CADFAB9AC20B28B24BA0A08
0062 DEBUG   Computed MAC = 5A8ACB24F0F647E8DEAB053440C9C82F27D5064BBBD466B4
0063 DEBUG   apdu =  848200001027D5064BBBD466B4
0064 DEBUG   C_MAC =  80B213D4B6F346D4
0065 INFO    send: 848200001027D5064BBBD466B480B213D4B6F346D4 [3S]
0066 INFO    Recv: 9000  
0067 DEBUG   P1 = CARD_KEY_VERSION = 1
0068 DEBUG   keyDes2 404142434445464748494A4B4C4D4E4F
0069 DEBUG   keyDes2 404142434445464748494A4B4C4D4E4F
0070 DEBUG   keyDes2 404142434445464748494A4B4C4D4E4F
0071 DEBUG   encodedKeyData 00801045DB8BCFAAD5EF292A0206D25E2F73EB038BAF47801045DB8BCFAAD5EF292A0206D25E2F73EB038BAF47801045DB8BCFAAD5EF292A0206D25E2F73EB038BAF47
0072 DEBUG   GP_APDU_MODE = 0
0073 INFO    send: 80D801804300801045DB8BCFAAD5EF292A0206D25E2F73EB038BAF47801045DB8BCFAAD5EF292A0206D25E2F73EB038BAF47801045DB8BCFAAD5EF292A0206D25E2F73EB038BAF47 [3S]
0074 INFO    Recv: 6A80  
.\log\GpAuthenticate_ChangeKeyCPS.log log start: Mon Feb  6 11:42:38 2017
0000 DEBUG   Changed the voltage
0001 DEBUG   Timeout was set
0002 DEBUG   Available readers = O2Micro CCID SC Reader 0
0003 DEBUG   Reader Initialized
0004 INFO    Connected to reader: O2Micro CCID SC Reader 0
0005 INFO    Card ATR = 3B6800000073C84011009000
0006 INFO    PPS is exchanged automatically by OS
0007 INFO    Card ATR = 3B6800000073C84011009000
0008 DEBUG   KMC ENC = 404142434445464748494A4B4C4D4E4F
0009 DEBUG   KMC MAC = 404142434445464748494A4B4C4D4E4F
0010 DEBUG   KMC KEK = 404142434445464748494A4B4C4D4E4F
0011 INFO    send: 00A4040008A000000003000000 [3S]
0012 INFO    Recv: 6112  
0013 INFO    send: 00C0000012 [2S]
0014 INFO    Recv: 9000 6F108408A000000003000000A5049F6501FF 
0015 INFO    CM AID is A000000003000000 selected!
0016 DEBUG   key_derivation_type = 0
0017 DEBUG   Random = 22603f75fd798529
0018 INFO    send: 805000000822603F75FD798529 [3S]
0019 INFO    Recv: 611C  
0020 INFO    send: 00C000001C [2S]
0021 INFO    Recv: 9000 000033320108435F19230102001C389736801E911315A68B556C9DB5 
0022 DEBUG   Key Version (Hex) = 01
0023 DEBUG   SCP Major Version (Hex) = 02
0024 WARNING Overriding SCP version: card reports 2 but user requested 8
0025 DEBUG   Card Challenge = 001C389736801E91
0026 DEBUG   Card Cryptogram = 1315A68B556C9DB5
0027 DEBUG   Not doing key diversification
0028 DEBUG   SCP02 dersification data ENC = 0182001C000000000000000000000000
0029 DEBUG   SCP02 dersification data MAC = 0101001C000000000000000000000000
0030 DEBUG   SCP02 dersification data KEK = 0181001C000000000000000000000000
0031 DEBUG   SCP02 Session Key ENC = E397C0EE3C6A02D47A9267DD19663A13
0032 DEBUG   SCP02 Session Key MAC = 15F696262B2C8F5E96F551D880D648B4
0033 DEBUG   SCP02 Session Key KEK = 4DAC22F97F61EC82193129059C7BF9C5
0034 DEBUG   Computed MAC = C7D084C0BD85F6D51AF6D914DAACF1E41315A68B556C9DB5
0035 DEBUG   diversification data EMV = 0108435F1923F0010108435F19230F01
0036 DEBUG   diversification data EMV = 0108435F1923F0020108435F19230F02
0037 DEBUG   diversification data EMV = 0108435F1923F0030108435F19230F03
0038 INFO    send: 00A4040008A000000003000000 [3S]
0039 INFO    Recv: 6112  
0040 INFO    send: 00C0000012 [2S]
0041 INFO    Recv: 9000 6F108408A000000003000000A5049F6501FF 
0042 INFO    CM AID is A000000003000000 selected!
0043 DEBUG   key_derivation_type = 0
0044 DEBUG   Random = 22603f75fd798529
0045 INFO    send: 805001010822603F75FD798529 [3S]
0046 INFO    Recv: 6A86  
.\log\GpAuthenticate_ChangeKeyCPS.log log start: Mon Feb  6 11:46:02 2017
0000 DEBUG   Changed the voltage
0001 DEBUG   Timeout was set
0002 DEBUG   Available readers = O2Micro CCID SC Reader 0
0003 DEBUG   Reader Initialized
0004 INFO    Connected to reader: O2Micro CCID SC Reader 0
0005 INFO    Card ATR = 3B6800000073C84011009000
0006 INFO    PPS is exchanged automatically by OS
0007 INFO    Card ATR = 3B6800000073C84011009000
0008 DEBUG   KMC ENC = 404142434445464748494A4B4C4D4E4F
0009 DEBUG   KMC MAC = 404142434445464748494A4B4C4D4E4F
0010 DEBUG   KMC KEK = 404142434445464748494A4B4C4D4E4F
0011 INFO    send: 00A4040008A000000003000000 [3S]
0012 INFO    Recv: 6112  
0013 INFO    send: 00C0000012 [2S]
0014 INFO    Recv: 9000 6F108408A000000003000000A5049F6501FF 
0015 INFO    CM AID is A000000003000000 selected!
0016 DEBUG   key_derivation_type = 0
0017 DEBUG   Random = 592f76e75e4051e2
0018 INFO    send: 8050000008592F76E75E4051E2 [3S]
0019 INFO    Recv: 611C  
0020 INFO    send: 00C000001C [2S]
0021 INFO    Recv: 9000 000033320108435F19230102001E1CD140CF9EAFA1011AF9CB89E292 
0022 DEBUG   Key Version (Hex) = 01
0023 DEBUG   SCP Major Version (Hex) = 02
0024 WARNING Overriding SCP version: card reports 2 but user requested 8
0025 DEBUG   Card Challenge = 001E1CD140CF9EAF
0026 DEBUG   Card Cryptogram = A1011AF9CB89E292
0027 DEBUG   Not doing key diversification
0028 DEBUG   SCP02 dersification data ENC = 0182001E000000000000000000000000
0029 DEBUG   SCP02 dersification data MAC = 0101001E000000000000000000000000
0030 DEBUG   SCP02 dersification data KEK = 0181001E000000000000000000000000
0031 DEBUG   SCP02 Session Key ENC = 4F8A843C67459418C0B3ADB4319F3F82
0032 DEBUG   SCP02 Session Key MAC = ECAFD0E0B294E8DF7911F62FC70C654B
0033 DEBUG   SCP02 Session Key KEK = B65E39973E9E9B83A93FD148CE7A4366
0034 DEBUG   Computed MAC = 723BF5212F710E70DE48C8A34A70C6D5A1011AF9CB89E292
0035 DEBUG   diversification data EMV = 0108435F1923F0010108435F19230F01
0036 DEBUG   diversification data EMV = 0108435F1923F0020108435F19230F02
0037 DEBUG   diversification data EMV = 0108435F1923F0030108435F19230F03
0038 INFO    send: 00A4040008A000000003000000 [3S]
0039 INFO    Recv: 6112  
0040 INFO    send: 00C0000012 [2S]
0041 INFO    Recv: 9000 6F108408A000000003000000A5049F6501FF 
0042 INFO    CM AID is A000000003000000 selected!
0043 DEBUG   key_derivation_type = 0
0044 DEBUG   Random = 592f76e75e4051e2
0045 INFO    send: 8050000008592F76E75E4051E2 [3S]
0046 INFO    Recv: 611C  
0047 INFO    send: 00C000001C [2S]
0048 INFO    Recv: 9000 000033320108435F19230102001E1CD140CF9EAFA1011AF9CB89E292 
0049 DEBUG   Key Version (Hex) = 01
0050 DEBUG   SCP Major Version (Hex) = 02
0051 WARNING Overriding SCP version: card reports 2 but user requested 8
0052 DEBUG   Card Challenge = 001E1CD140CF9EAF
0053 DEBUG   Card Cryptogram = A1011AF9CB89E292
0054 DEBUG   Not doing key diversification
0055 DEBUG   SCP02 dersification data ENC = 0182001E000000000000000000000000
0056 DEBUG   SCP02 dersification data MAC = 0101001E000000000000000000000000
0057 DEBUG   SCP02 dersification data KEK = 0181001E000000000000000000000000
0058 DEBUG   SCP02 Session Key ENC = 4F8A843C67459418C0B3ADB4319F3F82
0059 DEBUG   SCP02 Session Key MAC = ECAFD0E0B294E8DF7911F62FC70C654B
0060 DEBUG   SCP02 Session Key KEK = B65E39973E9E9B83A93FD148CE7A4366
0061 DEBUG   Computed MAC = 723BF5212F710E70DE48C8A34A70C6D5A1011AF9CB89E292
0062 DEBUG   Computed MAC = 7D1F51DD5B4877A52DF911E30E99EBB24E8CB9E3FD0ADBC5
0063 DEBUG   apdu =  84820000104E8CB9E3FD0ADBC5
0064 DEBUG   C_MAC =  1B37EB5596BB3487
0065 INFO    send: 84820000104E8CB9E3FD0ADBC51B37EB5596BB3487 [3S]
0066 INFO    Recv: 9000  
0067 DEBUG   P1 = CARD_KEY_VERSION = 1
0068 DEBUG   keyDes2 404142434445464748494A4B4C4D4E4F
0069 DEBUG   keyDes2 404142434445464748494A4B4C4D4E4F
0070 DEBUG   keyDes2 404142434445464748494A4B4C4D4E4F
0071 DEBUG   encodedKeyData 008010C818657AF4C50F1B86A9183C6B52726A038BAF478010C818657AF4C50F1B86A9183C6B52726A038BAF478010C818657AF4C50F1B86A9183C6B52726A038BAF47
0072 DEBUG   GP_APDU_MODE = 0
0073 INFO    send: 80D8018043008010C818657AF4C50F1B86A9183C6B52726A038BAF478010C818657AF4C50F1B86A9183C6B52726A038BAF478010C818657AF4C50F1B86A9183C6B52726A038BAF47 [3S]
0074 INFO    Recv: 6A80  
.\log\GpAuthenticate_ChangeKeyCPS.log log start: Mon Feb  6 11:49:04 2017
0000 DEBUG   Changed the voltage
0001 DEBUG   Timeout was set
0002 DEBUG   Available readers = O2Micro CCID SC Reader 0
0003 DEBUG   Reader Initialized
0004 INFO    Connected to reader: O2Micro CCID SC Reader 0
0005 INFO    Card ATR = 3B6800000073C84011009000
0006 INFO    PPS is exchanged automatically by OS
0007 INFO    Card ATR = 3B6800000073C84011009000
0008 DEBUG   KMC ENC = 404142434445464748494A4B4C4D4E4F
0009 DEBUG   KMC MAC = 404142434445464748494A4B4C4D4E4F
0010 DEBUG   KMC KEK = 404142434445464748494A4B4C4D4E4F
0011 INFO    send: 00A4040008A000000003000000 [3S]
0012 INFO    Recv: 6112  
0013 INFO    send: 00C0000012 [2S]
0014 INFO    Recv: 9000 6F108408A000000003000000A5049F6501FF 
0015 INFO    CM AID is A000000003000000 selected!
0016 DEBUG   key_derivation_type = 0
0017 DEBUG   Random = 1d9211d5bfe6878c
0018 INFO    send: 80500000081D9211D5BFE6878C [3S]
0019 INFO    Recv: 611C  
0020 INFO    send: 00C000001C [2S]
0021 INFO    Recv: 9000 000033320108435F19230102001FB16F1748944AD281B20CDAEC6026 
0022 DEBUG   Key Version (Hex) = 01
0023 DEBUG   SCP Major Version (Hex) = 02
0024 WARNING Overriding SCP version: card reports 2 but user requested 8
0025 DEBUG   Card Challenge = 001FB16F1748944A
0026 DEBUG   Card Cryptogram = D281B20CDAEC6026
.\log\GpAuthenticate_ChangeKeyCPS.log log start: Mon Feb  6 11:52:28 2017
0000 DEBUG   Changed the voltage
0001 DEBUG   Timeout was set
0002 DEBUG   Available readers = O2Micro CCID SC Reader 0
0003 DEBUG   Reader Initialized
0004 INFO    Connected to reader: O2Micro CCID SC Reader 0
0005 INFO    Card ATR = 3B6800000073C84011009000
0006 INFO    PPS is exchanged automatically by OS
0007 INFO    Card ATR = 3B6800000073C84011009000
0008 DEBUG   KMC ENC = 404142434445464748494A4B4C4D4E4F
0009 DEBUG   KMC MAC = 404142434445464748494A4B4C4D4E4F
0010 DEBUG   KMC KEK = 404142434445464748494A4B4C4D4E4F
0011 INFO    send: 00A4040008A000000003000000 [3S]
0012 INFO    Recv: 6112  
0013 INFO    send: 00C0000012 [2S]
0014 INFO    Recv: 9000 6F108408A000000003000000A5049F6501FF 
0015 INFO    CM AID is A000000003000000 selected!
0016 DEBUG   key_derivation_type = 0
0017 DEBUG   Random = c8a4f62908c4d176
0018 INFO    send: 8050000008C8A4F62908C4D176 [3S]
0019 INFO    Recv: 611C  
0020 INFO    send: 00C000001C [2S]
0021 INFO    Recv: 9000 000033320108435F19230102001FB16F1748944AA965D501CF53EC8D 
0022 DEBUG   Key Version (Hex) = 01
0023 DEBUG   SCP Major Version (Hex) = 02
0024 WARNING Overriding SCP version: card reports 2 but user requested 8
0025 DEBUG   Card Challenge = 001FB16F1748944A
0026 DEBUG   Card Cryptogram = A965D501CF53EC8D
.\log\GpAuthenticate_ChangeKeyCPS.log log start: Mon Feb  6 11:52:50 2017
0000 DEBUG   Changed the voltage
0001 DEBUG   Timeout was set
0002 DEBUG   Available readers = O2Micro CCID SC Reader 0
0003 DEBUG   Reader Initialized
0004 INFO    Connected to reader: O2Micro CCID SC Reader 0
0005 INFO    Card ATR = 3B6800000073C84011009000
0006 INFO    PPS is exchanged automatically by OS
0007 INFO    Card ATR = 3B6800000073C84011009000
0008 DEBUG   KMC ENC = 404142434445464748494A4B4C4D4E4F
0009 DEBUG   KMC MAC = 404142434445464748494A4B4C4D4E4F
0010 DEBUG   KMC KEK = 404142434445464748494A4B4C4D4E4F
0011 INFO    send: 00A4040008A000000003000000 [3S]
0012 INFO    Recv: 6112  
0013 INFO    send: 00C0000012 [2S]
0014 INFO    Recv: 9000 6F108408A000000003000000A5049F6501FF 
0015 INFO    CM AID is A000000003000000 selected!
0016 DEBUG   key_derivation_type = 0
0017 DEBUG   Random = c6cce3cb1fcde755
0018 INFO    send: 8050000008C6CCE3CB1FCDE755 [3S]
0019 INFO    Recv: 611C  
0020 INFO    send: 00C000001C [2S]
0021 INFO    Recv: 9000 000033320108435F19230102001FB16F1748944A5B626BCAE6D74D13 
0022 DEBUG   Key Version (Hex) = 01
0023 DEBUG   SCP Major Version (Hex) = 02
0024 WARNING Overriding SCP version: card reports 2 but user requested 8
0025 DEBUG   Card Challenge = 001FB16F1748944A
0026 DEBUG   Card Cryptogram = 5B626BCAE6D74D13
.\log\GpAuthenticate_ChangeKeyCPS.log log start: Mon Feb  6 11:53:18 2017
0000 DEBUG   Changed the voltage
0001 DEBUG   Timeout was set
0002 DEBUG   Available readers = O2Micro CCID SC Reader 0
0003 DEBUG   Reader Initialized
0004 INFO    Connected to reader: O2Micro CCID SC Reader 0
0005 INFO    Card ATR = 3B6800000073C84011009000
0006 INFO    PPS is exchanged automatically by OS
0007 INFO    Card ATR = 3B6800000073C84011009000
0008 DEBUG   KMC ENC = 404142434445464748494A4B4C4D4E4F
0009 DEBUG   KMC MAC = 404142434445464748494A4B4C4D4E4F
0010 DEBUG   KMC KEK = 404142434445464748494A4B4C4D4E4F
0011 INFO    send: 00A4040008A000000003000000 [3S]
0012 INFO    Recv: 6112  
0013 INFO    send: 00C0000012 [2S]
0014 INFO    Recv: 9000 6F108408A000000003000000A5049F6501FF 
0015 INFO    CM AID is A000000003000000 selected!
0016 DEBUG   key_derivation_type = 0
0017 DEBUG   Random = 0b5cb327c74d0315
0018 INFO    send: 80500000080B5CB327C74D0315 [3S]
0019 INFO    Recv: 611C  
0020 INFO    send: 00C000001C [2S]
0021 INFO    Recv: 9000 000033320108435F19230102001FB16F1748944A67C89B8E3E89DF2C 
0022 DEBUG   Key Version (Hex) = 01
0023 DEBUG   SCP Major Version (Hex) = 02
0024 WARNING Overriding SCP version: card reports 2 but user requested 8
0025 DEBUG   Card Challenge = 001FB16F1748944A
0026 DEBUG   Card Cryptogram = 67C89B8E3E89DF2C
0027 DEBUG   Not doing key diversification
0028 DEBUG   SCP02 dersification data ENC = 0182001F000000000000000000000000
0029 DEBUG   SCP02 dersification data MAC = 0101001F000000000000000000000000
0030 DEBUG   SCP02 dersification data KEK = 0181001F000000000000000000000000
0031 DEBUG   SCP02 Session Key ENC = 0E2C3E1CC077479A85DFF0A81E5B699B
0032 DEBUG   SCP02 Session Key MAC = 33D11145CAD56D153706207268055CD0
0033 DEBUG   SCP02 Session Key KEK = 47EA872395ACB28DEA31CB397B400EFF
0034 DEBUG   Computed MAC = 8250389B9AD04BA903250D4252157E3267C89B8E3E89DF2C
0035 DEBUG   diversification data EMV = 0108435F1923F0010108435F19230F01
0036 DEBUG   diversification data EMV = 0108435F1923F0020108435F19230F02
0037 DEBUG   diversification data EMV = 0108435F1923F0030108435F19230F03
0038 INFO    send: 00A4040008A000000003000000 [3S]
0039 INFO    Recv: 6112  
0040 INFO    send: 00C0000012 [2S]
0041 INFO    Recv: 9000 6F108408A000000003000000A5049F6501FF 
0042 INFO    CM AID is A000000003000000 selected!
0043 DEBUG   key_derivation_type = 0
0044 DEBUG   Random = 0b5cb327c74d0315
0045 INFO    send: 80500000080B5CB327C74D0315 [3S]
0046 INFO    Recv: 611C  
0047 INFO    send: 00C000001C [2S]
0048 INFO    Recv: 9000 000033320108435F19230102001FB16F1748944A67C89B8E3E89DF2C 
0049 DEBUG   Key Version (Hex) = 01
0050 DEBUG   SCP Major Version (Hex) = 02
0051 WARNING Overriding SCP version: card reports 2 but user requested 8
0052 DEBUG   Card Challenge = 001FB16F1748944A
0053 DEBUG   Card Cryptogram = 67C89B8E3E89DF2C
0054 DEBUG   Not doing key diversification
0055 DEBUG   SCP02 dersification data ENC = 0182001F000000000000000000000000
0056 DEBUG   SCP02 dersification data MAC = 0101001F000000000000000000000000
0057 DEBUG   SCP02 dersification data KEK = 0181001F000000000000000000000000
0058 DEBUG   SCP02 Session Key ENC = 0E2C3E1CC077479A85DFF0A81E5B699B
0059 DEBUG   SCP02 Session Key MAC = 33D11145CAD56D153706207268055CD0
0060 DEBUG   SCP02 Session Key KEK = 47EA872395ACB28DEA31CB397B400EFF
0061 DEBUG   Computed MAC = 8250389B9AD04BA903250D4252157E3267C89B8E3E89DF2C
0062 DEBUG   Computed MAC = 5EACED2EADE2B8FA47AC023400C9CF33B974EC71B601DAA9
0063 DEBUG   apdu =  8482000010B974EC71B601DAA9
0064 DEBUG   C_MAC =  AFA1495682D9EC32
0065 INFO    send: 8482000010B974EC71B601DAA9AFA1495682D9EC32 [3S]
0066 INFO    Recv: 9000  
0067 DEBUG   P1 = CARD_KEY_VERSION = 1
0068 DEBUG   keyDes2 404142434445464748494A4B4C4D4E4F
0069 DEBUG   keyDes2 404142434445464748494A4B4C4D4E4F
0070 DEBUG   keyDes2 404142434445464748494A4B4C4D4E4F
0071 DEBUG   encodedKeyData 0080109D4E9031E3C7F3A3A42CDA184F210C38038BAF4780109D4E9031E3C7F3A3A42CDA184F210C38038BAF4780109D4E9031E3C7F3A3A42CDA184F210C38038BAF47
0072 DEBUG   GP_APDU_MODE = 0
0073 INFO    send: 80D80180430080109D4E9031E3C7F3A3A42CDA184F210C38038BAF4780109D4E9031E3C7F3A3A42CDA184F210C38038BAF4780109D4E9031E3C7F3A3A42CDA184F210C38038BAF47 [3S]
0074 INFO    Recv: 6A80  
.\log\GpAuthenticate_ChangeKeyCPS.log log start: Mon Feb  6 11:54:19 2017
0000 DEBUG   Changed the voltage
0001 DEBUG   Timeout was set
0002 DEBUG   Available readers = O2Micro CCID SC Reader 0
0003 DEBUG   Reader Initialized
0004 INFO    Connected to reader: O2Micro CCID SC Reader 0
0005 INFO    Card ATR = 3B6800000073C84011009000
0006 INFO    PPS is exchanged automatically by OS
0007 INFO    Card ATR = 3B6800000073C84011009000
0008 DEBUG   KMC ENC = 404142434445464748494A4B4C4D4E4F
0009 DEBUG   KMC MAC = 404142434445464748494A4B4C4D4E4F
0010 DEBUG   KMC KEK = 404142434445464748494A4B4C4D4E4F
0011 INFO    send: 00A4040008A000000003000000 [3S]
0012 INFO    Recv: 6112  
0013 INFO    send: 00C0000012 [2S]
0014 INFO    Recv: 9000 6F108408A000000003000000A5049F6501FF 
0015 INFO    CM AID is A000000003000000 selected!
0016 DEBUG   key_derivation_type = 0
0017 DEBUG   Random = d7e43894abc24172
0018 INFO    send: 8050000008D7E43894ABC24172 [3S]
0019 INFO    Recv: 611C  
0020 INFO    send: 00C000001C [2S]
0021 INFO    Recv: 9000 000033320108435F192301020020BA9A169477B981D323A3DF5A9B1E 
0022 DEBUG   Key Version (Hex) = 01
0023 DEBUG   SCP Major Version (Hex) = 02
0024 WARNING Overriding SCP version: card reports 2 but user requested 8
0025 DEBUG   Card Challenge = 0020BA9A169477B9
0026 DEBUG   Card Cryptogram = 81D323A3DF5A9B1E
0027 DEBUG   Not doing key diversification
0028 DEBUG   SCP02 dersification data ENC = 01820020000000000000000000000000
0029 DEBUG   SCP02 dersification data MAC = 01010020000000000000000000000000
0030 DEBUG   SCP02 dersification data KEK = 01810020000000000000000000000000
0031 DEBUG   SCP02 Session Key ENC = B87D48485A1B030B19C7938D541BE8BD
0032 DEBUG   SCP02 Session Key MAC = 2E3DB96B8B231CF187D8D9857FA0F701
0033 DEBUG   SCP02 Session Key KEK = DA5A7DA037C2A29F8CA02652660F3438
0034 DEBUG   Computed MAC = 37084CD073278BD2CD9496D864C0A53681D323A3DF5A9B1E
0035 DEBUG   diversification data EMV = 0108435F1923F0010108435F19230F01
0036 DEBUG   diversification data EMV = 0108435F1923F0020108435F19230F02
0037 DEBUG   diversification data EMV = 0108435F1923F0030108435F19230F03
0038 INFO    send: 00A4040008A000000003000000 [3S]
0039 INFO    Recv: 6112  
0040 INFO    send: 00C0000012 [2S]
0041 INFO    Recv: 9000 6F108408A000000003000000A5049F6501FF 
0042 INFO    CM AID is A000000003000000 selected!
0043 DEBUG   key_derivation_type = 0
0044 DEBUG   Random = d7e43894abc24172
0045 INFO    send: 8050000008D7E43894ABC24172 [3S]
0046 INFO    Recv: 611C  
0047 INFO    send: 00C000001C [2S]
0048 INFO    Recv: 9000 000033320108435F192301020020BA9A169477B981D323A3DF5A9B1E 
0049 DEBUG   Key Version (Hex) = 01
0050 DEBUG   SCP Major Version (Hex) = 02
0051 WARNING Overriding SCP version: card reports 2 but user requested 8
0052 DEBUG   Card Challenge = 0020BA9A169477B9
0053 DEBUG   Card Cryptogram = 81D323A3DF5A9B1E
0054 DEBUG   Not doing key diversification
0055 DEBUG   SCP02 dersification data ENC = 01820020000000000000000000000000
0056 DEBUG   SCP02 dersification data MAC = 01010020000000000000000000000000
0057 DEBUG   SCP02 dersification data KEK = 01810020000000000000000000000000
0058 DEBUG   SCP02 Session Key ENC = B87D48485A1B030B19C7938D541BE8BD
0059 DEBUG   SCP02 Session Key MAC = 2E3DB96B8B231CF187D8D9857FA0F701
0060 DEBUG   SCP02 Session Key KEK = DA5A7DA037C2A29F8CA02652660F3438
0061 DEBUG   Computed MAC = 37084CD073278BD2CD9496D864C0A53681D323A3DF5A9B1E
0062 DEBUG   Computed MAC = 89DEE73E100D586EAFF4BC50CA9A4E3F24E69C5B493ED759
0063 DEBUG   apdu =  848200001024E69C5B493ED759
0064 DEBUG   C_MAC =  A0953E7C9AEBB343
0065 INFO    send: 848200001024E69C5B493ED759A0953E7C9AEBB343 [3S]
0066 INFO    Recv: 9000  
0067 DEBUG   P1 = CARD_KEY_VERSION = 1
0068 DEBUG   keyDes2 404142434445464748494A4B4C4D4E4F
0069 DEBUG   keyDes2 404142434445464748494A4B4C4D4E4F
0070 DEBUG   keyDes2 404142434445464748494A4B4C4D4E4F
0071 DEBUG   encodedKeyData 0180109A2E7E683A66FC4C9E2F6AFD0943093D038BAF4780109A2E7E683A66FC4C9E2F6AFD0943093D038BAF4780109A2E7E683A66FC4C9E2F6AFD0943093D038BAF47
0072 DEBUG   GP_APDU_MODE = 0
0073 INFO    send: 80D80181430180109A2E7E683A66FC4C9E2F6AFD0943093D038BAF4780109A2E7E683A66FC4C9E2F6AFD0943093D038BAF4780109A2E7E683A66FC4C9E2F6AFD0943093D038BAF47 [3S]
0074 INFO    Recv: 610A  
0075 INFO    send: 00C000000A [2S]
0076 INFO    Recv: 9000 018BAF478BAF478BAF47 
0077 INFO    send: 00A4040008A000000003000000 [3S]
0078 INFO    Recv: 6112  
0079 INFO    send: 00C0000012 [2S]
0080 INFO    Recv: 9000 6F108408A000000003000000A5049F6501FF 
0081 INFO    CM AID is A000000003000000 selected!
0082 DEBUG   key_derivation_type = 0
0083 DEBUG   Random = d7e43894abc24172
0084 INFO    send: 8050010108D7E43894ABC24172 [3S]
0085 INFO    Recv: 6A86  
.\log\GpAuthenticate_ChangeKeyCPS.log log start: Mon Feb  6 11:56:13 2017
0000 DEBUG   Changed the voltage
0001 DEBUG   Timeout was set
0002 DEBUG   Available readers = O2Micro CCID SC Reader 0
0003 DEBUG   Reader Initialized
0004 INFO    Connected to reader: O2Micro CCID SC Reader 0
0005 INFO    Card ATR = 3B6800000073C84011009000
0006 INFO    PPS is exchanged automatically by OS
0007 INFO    Card ATR = 3B6800000073C84011009000
0008 DEBUG   KMC ENC = 404142434445464748494A4B4C4D4E4F
0009 DEBUG   KMC MAC = 404142434445464748494A4B4C4D4E4F
0010 DEBUG   KMC KEK = 404142434445464748494A4B4C4D4E4F
0011 INFO    send: 00A4040008A000000003000000 [3S]
0012 INFO    Recv: 6112  
0013 INFO    send: 00C0000012 [2S]
0014 INFO    Recv: 9000 6F108408A000000003000000A5049F6501FF 
0015 INFO    CM AID is A000000003000000 selected!
0016 DEBUG   key_derivation_type = 0
0017 DEBUG   Random = 72dfc91f67aa323f
0018 INFO    send: 805000000872DFC91F67AA323F [3S]
0019 INFO    Recv: 611C  
0020 INFO    send: 00C000001C [2S]
0021 INFO    Recv: 9000 000033320108435F1923010200003D029C31C7892194BF94BFFED650 
0022 DEBUG   Key Version (Hex) = 01
0023 DEBUG   SCP Major Version (Hex) = 02
0024 WARNING Overriding SCP version: card reports 2 but user requested 8
0025 DEBUG   Card Challenge = 00003D029C31C789
0026 DEBUG   Card Cryptogram = 2194BF94BFFED650
0027 DEBUG   Not doing key diversification
0028 DEBUG   SCP02 dersification data ENC = 01820000000000000000000000000000
0029 DEBUG   SCP02 dersification data MAC = 01010000000000000000000000000000
0030 DEBUG   SCP02 dersification data KEK = 01810000000000000000000000000000
0031 DEBUG   SCP02 Session Key ENC = 010B0371D78377B801F2D62AFC671D95
0032 DEBUG   SCP02 Session Key MAC = D1C28C601652A4770D67AD82D2D2E1C4
0033 DEBUG   SCP02 Session Key KEK = E11987EE331B417A5D67D760692F89D4
0034 DEBUG   Computed MAC = 355E518B305BF6C9936173B0643E30F02194BF94BFFED650
0035 DEBUG   diversification data EMV = 0108435F1923F0010108435F19230F01
0036 DEBUG   diversification data EMV = 0108435F1923F0020108435F19230F02
0037 DEBUG   diversification data EMV = 0108435F1923F0030108435F19230F03
0038 INFO    send: 00A4040008A000000003000000 [3S]
0039 INFO    Recv: 6112  
0040 INFO    send: 00C0000012 [2S]
0041 INFO    Recv: 9000 6F108408A000000003000000A5049F6501FF 
0042 INFO    CM AID is A000000003000000 selected!
0043 DEBUG   key_derivation_type = 0
0044 DEBUG   Random = fd9b1a3e7f93b20f
0045 INFO    send: 8050000008FD9B1A3E7F93B20F [3S]
0046 INFO    Recv: 611C  
0047 INFO    send: 00C000001C [2S]
0048 INFO    Recv: 9000 000033320108435F1923010200003D029C31C789252EAD093A87A9F1 
0049 DEBUG   Key Version (Hex) = 01
0050 DEBUG   SCP Major Version (Hex) = 02
0051 WARNING Overriding SCP version: card reports 2 but user requested 8
0052 DEBUG   Card Challenge = 00003D029C31C789
0053 DEBUG   Card Cryptogram = 252EAD093A87A9F1
0054 DEBUG   Not doing key diversification
0055 DEBUG   SCP02 dersification data ENC = 01820000000000000000000000000000
0056 DEBUG   SCP02 dersification data MAC = 01010000000000000000000000000000
0057 DEBUG   SCP02 dersification data KEK = 01810000000000000000000000000000
0058 DEBUG   SCP02 Session Key ENC = 010B0371D78377B801F2D62AFC671D95
0059 DEBUG   SCP02 Session Key MAC = D1C28C601652A4770D67AD82D2D2E1C4
0060 DEBUG   SCP02 Session Key KEK = E11987EE331B417A5D67D760692F89D4
0061 DEBUG   Computed MAC = 64EAA43EB09098D1AB612433B1E54A49252EAD093A87A9F1
0062 DEBUG   Computed MAC = 40F57BE3E8BE5DEA0147B5DF4FB3150277576C48E7723313
0063 DEBUG   apdu =  848200001077576C48E7723313
0064 DEBUG   C_MAC =  95A5CF057E5C892B
0065 INFO    send: 848200001077576C48E772331395A5CF057E5C892B [3S]
0066 INFO    Recv: 9000  
0067 DEBUG   P1 = CARD_KEY_VERSION = 1
0068 DEBUG   keyDes2 404142434445464748494A4B4C4D4E4F
0069 DEBUG   keyDes2 404142434445464748494A4B4C4D4E4F
0070 DEBUG   keyDes2 404142434445464748494A4B4C4D4E4F
0071 DEBUG   encodedKeyData 018010EFBEE6C6D99D7B70BDE9D7E927F020AF038BAF478010EFBEE6C6D99D7B70BDE9D7E927F020AF038BAF478010EFBEE6C6D99D7B70BDE9D7E927F020AF038BAF47
0072 DEBUG   GP_APDU_MODE = 0
0073 INFO    send: 80D8018143018010EFBEE6C6D99D7B70BDE9D7E927F020AF038BAF478010EFBEE6C6D99D7B70BDE9D7E927F020AF038BAF478010EFBEE6C6D99D7B70BDE9D7E927F020AF038BAF47 [3S]
0074 INFO    Recv: 610A  
0075 INFO    send: 00C000000A [2S]
0076 INFO    Recv: 9000 018BAF478BAF478BAF47 
0077 INFO    send: 00A4040008A000000003000000 [3S]
0078 INFO    Recv: 6112  
0079 INFO    send: 00C0000012 [2S]
0080 INFO    Recv: 9000 6F108408A000000003000000A5049F6501FF 
0081 INFO    CM AID is A000000003000000 selected!
0082 DEBUG   key_derivation_type = 2
0083 DEBUG   Random = fd9b1a3e7f93b20f
0084 INFO    send: 8050010108FD9B1A3E7F93B20F [3S]
0085 INFO    Recv: 6A86  
