.\log\GpAuthenticate_VISA2_GEMALTO.log log start: Mon Feb  6 13:05:01 2017
0000 DEBUG   Changed the voltage
0001 DEBUG   Timeout was set
0002 DEBUG   Available readers = O2Micro CCID SC Reader 0
0003 DEBUG   Reader Initialized
0004 INFO    Connected to reader: O2Micro CCID SC Reader 0
0005 INFO    Card ATR = 3B6D000080318065B0894001F283009000
0006 INFO    PPS is exchanged automatically by OS
0007 INFO    Card ATR = 3B6D000080318065B0894001F283009000
0008 DEBUG   KMC ENC = 47454D5850524553534F53414D504C45
0009 DEBUG   KMC MAC = 47454D5850524553534F53414D504C45
0010 DEBUG   KMC KEK = 404142434445464748494A4B4C4D4E4F
0011 INFO    send: 00A4040008A000000003000000 [3S]
0012 INFO    Recv: 6167  
0013 INFO    send: 00C0000067 [2S]
0014 INFO    Recv: 9000 6F658408A000000003000000A559734A06072A864886FC6B01600C060A2A864886FC6B02020101630906072A864886FC6B03640B06092A864886FC6B040255650B06092B8510864864020103660C060A2B060104012A026E01029F6E061291205501009F6501FF 
0015 INFO    CM AID is A000000003000000 selected!
0016 DEBUG   key_derivation_type = 1
0017 DEBUG   Random = e9492fcc7fe544bb
0018 INFO    send: 8050000008E9492FCC7FE544BB [3S]
0019 INFO    Recv: 611C  
0020 INFO    send: 00C000001C [2S]
0021 INFO    Recv: 9000 0000609100043B08043CFF0200050F170866F11FF42637A5925D99DE 
0022 DEBUG   Key Version (Hex) = ff
0023 DEBUG   SCP Major Version (Hex) = 02
0024 WARNING Overriding SCP version: card reports 2 but user requested 8
0025 DEBUG   Card Challenge = 00050F170866F11F
0026 DEBUG   Card Cryptogram = F42637A5925D99DE
0027 DEBUG   diversification data visa = 000000043B08F001000000043B080F01
0028 DEBUG   Derived key ENC = FB0464CF55E49B0550F37B10BDE5A8B1
0029 DEBUG   diversification data visa = 000000043B08F002000000043B080F02
0030 DEBUG   Derived key MAC = 4A0A8F1F6E65AD694F37391A4C7C016C
0031 DEBUG   diversification data visa = 000000043B08F003000000043B080F03
0032 DEBUG   Derived key KEK = 444436A1160F977BA3A5031016E22607
0033 DEBUG   SCP02 dersification data ENC = 01820005000000000000000000000000
0034 DEBUG   SCP02 dersification data MAC = 01010005000000000000000000000000
0035 DEBUG   SCP02 dersification data KEK = 01810005000000000000000000000000
0036 DEBUG   SCP02 Session Key ENC = AC414C1EAEE00BEE636B61E20F6D512C
0037 DEBUG   SCP02 Session Key MAC = 5D8A40548395ED2E0CA8F444776E2146
0038 DEBUG   SCP02 Session Key KEK = E93E52FC9ED270621FD48B05764C0C9D
0039 DEBUG   Computed MAC = 2B1EE69EE03086695338D8B51FA96833F42637A5925D99DE
0040 DEBUG   Computed MAC = A95244C8464AB8988EA8A90114C5E122574304E3DC5FB8DF
0041 DEBUG   apdu =  8482000010574304E3DC5FB8DF
0042 DEBUG   C_MAC =  1E7122CEF08CF621
0043 INFO    send: 8482000010574304E3DC5FB8DF1E7122CEF08CF621 [3S]
0044 INFO    Recv: 9000  
0045 INFO    Reader disconnected!
log ends: Mon Feb  6 13:05:01 2017

