.\log\GpAuthenticate_None.log log start: Mon Feb  6 13:09:53 2017
0000 DEBUG   Changed the voltage
0001 DEBUG   Timeout was set
0002 DEBUG   Available readers = O2Micro CCID SC Reader 0
0003 DEBUG   Reader Initialized
0004 INFO    Connected to reader: O2Micro CCID SC Reader 0
0005 INFO    Card ATR = 3B6800000073C84011009000
0006 INFO    PPS is exchanged automatically by OS
0007 INFO    Card ATR = 3B6800000073C84011009000
0008 DEBUG   KMC ENC = 404142434445464748494A4B4C4D4E4F
0009 DEBUG   KMC MAC = 404142434445464748494A4B4C4D4E4F
0010 DEBUG   KMC KEK = 404142434445464748494A4B4C4D4E4F
0011 INFO    send: 00A4040008A000000003000000 [3S]
0012 INFO    Recv: 6112  
0013 INFO    send: 00C0000012 [2S]
0014 INFO    Recv: 9000 6F108408A000000003000000A5049F6501FF 
0015 INFO    CM AID is A000000003000000 selected!
0016 DEBUG   key_derivation_type = 0
0017 DEBUG   Random = 1bb719ca3cd067f2
0018 INFO    send: 80500000081BB719CA3CD067F2 [3S]
0019 INFO    Recv: 611C  
0020 INFO    send: 00C000001C [2S]
0021 INFO    Recv: 9000 000033320108435F1923010200016C7FFC113FB929A0174D59458F1F 
0022 DEBUG   Key Version (Hex) = 01
0023 DEBUG   SCP Major Version (Hex) = 02
0024 WARNING Overriding SCP version: card reports 2 but user requested 8
0025 DEBUG   Card Challenge = 00016C7FFC113FB9
0026 DEBUG   Card Cryptogram = 29A0174D59458F1F
0027 DEBUG   Not doing key diversification
0028 DEBUG   SCP02 dersification data ENC = 01820001000000000000000000000000
0029 DEBUG   SCP02 dersification data MAC = 01010001000000000000000000000000
0030 DEBUG   SCP02 dersification data KEK = 01810001000000000000000000000000
0031 DEBUG   SCP02 Session Key ENC = 25C9794A1205FF244F5FA0378D2F8D59
0032 DEBUG   SCP02 Session Key MAC = 9BED98891580C3B245FE9EC58BFA8D2A
0033 DEBUG   SCP02 Session Key KEK = 0E51FDF196141F227A57BD154012FD39
0034 DEBUG   Computed MAC = BB59952B233DBA4F392CF2A8E707C14329A0174D59458F1F
0035 DEBUG   Computed MAC = 3A185686D6FBFCFB19C7BBF94BBA8A99A6B2E1042A3FA71A
0036 DEBUG   apdu =  8482000010A6B2E1042A3FA71A
0037 DEBUG   C_MAC =  ED14ABD889EAFE6F
0038 INFO    send: 8482000010A6B2E1042A3FA71AED14ABD889EAFE6F [3S]
0039 INFO    Recv: 9000  
0040 INFO    Reader disconnected!
log ends: Mon Feb  6 13:09:54 2017

.\log\GpAuthenticate_None.log log start: Mon Feb  6 13:10:24 2017
0000 DEBUG   Changed the voltage
0001 DEBUG   Timeout was set
0002 DEBUG   Available readers = O2Micro CCID SC Reader 0
0003 DEBUG   Reader Initialized
0004 INFO    Connected to reader: O2Micro CCID SC Reader 0
0005 INFO    Card ATR = 3B6800000073C84011009000
0006 INFO    PPS is exchanged automatically by OS
0007 INFO    Card ATR = 3B6800000073C84011009000
0008 DEBUG   KMC ENC = 404142434445464748494A4B4C4D4E4F
0009 DEBUG   KMC MAC = 404142434445464748494A4B4C4D4E4F
0010 DEBUG   KMC KEK = 404142434445464748494A4B4C4D4E4F
0011 INFO    send: 00A4040008A000000003000000 [3S]
0012 INFO    Recv: 6112  
0013 INFO    send: 00C0000012 [2S]
0014 INFO    Recv: 9000 6F108408A000000003000000A5049F6501FF 
0015 INFO    CM AID is A000000003000000 selected!
0016 DEBUG   key_derivation_type = 0
0017 DEBUG   Random = 017cda812e0b0721
0018 INFO    send: 8050000008017CDA812E0B0721 [3S]
0019 INFO    Recv: 611C  
0020 INFO    send: 00C000001C [2S]
0021 INFO    Recv: 9000 000033320108435F1923010200003D029C31C7890DB5DBA6332D7116 
0022 DEBUG   Key Version (Hex) = 01
0023 DEBUG   SCP Major Version (Hex) = 02
0024 WARNING Overriding SCP version: card reports 2 but user requested 8
0025 DEBUG   Card Challenge = 00003D029C31C789
0026 DEBUG   Card Cryptogram = 0DB5DBA6332D7116
0027 DEBUG   Not doing key diversification
0028 DEBUG   SCP02 dersification data ENC = 01820000000000000000000000000000
0029 DEBUG   SCP02 dersification data MAC = 01010000000000000000000000000000
0030 DEBUG   SCP02 dersification data KEK = 01810000000000000000000000000000
0031 DEBUG   SCP02 Session Key ENC = 010B0371D78377B801F2D62AFC671D95
0032 DEBUG   SCP02 Session Key MAC = D1C28C601652A4770D67AD82D2D2E1C4
0033 DEBUG   SCP02 Session Key KEK = E11987EE331B417A5D67D760692F89D4
0034 DEBUG   Computed MAC = D9188DC9649E49AEC61F3CAB79B73CDA0DB5DBA6332D7116
0035 DEBUG   Computed MAC = 40F57BE3E8BE5DEA5BBE0B60CBB622A0A3ED585262D3F201
0036 DEBUG   apdu =  8482000010A3ED585262D3F201
0037 DEBUG   C_MAC =  FCB437BBC8902678
0038 INFO    send: 8482000010A3ED585262D3F201FCB437BBC8902678 [3S]
0039 INFO    Recv: 9000  
0040 INFO    Reader disconnected!
log ends: Mon Feb  6 13:10:25 2017

