.\log\GpChangeKeyCPSDerivation.log log start: Mon Feb  6 13:10:03 2017
0000 DEBUG   Changed the voltage
0001 DEBUG   Timeout was set
0002 DEBUG   Available readers = O2Micro CCID SC Reader 0
0003 DEBUG   Reader Initialized
0004 INFO    Connected to reader: O2Micro CCID SC Reader 0
0005 INFO    Card ATR = 3B6800000073C84011009000
0006 INFO    PPS is exchanged automatically by OS
0007 INFO    Card ATR = 3B6800000073C84011009000
0008 DEBUG   KMC ENC = 404142434445464748494A4B4C4D4E4F
0009 DEBUG   KMC MAC = 404142434445464748494A4B4C4D4E4F
0010 DEBUG   KMC KEK = 404142434445464748494A4B4C4D4E4F
0011 INFO    send: 00A4040008A000000003000000 [3S]
0012 INFO    Recv: 6112  
0013 INFO    send: 00C0000012 [2S]
0014 INFO    Recv: 9000 6F108408A000000003000000A5049F6501FF 
0015 INFO    CM AID is A000000003000000 selected!
0016 DEBUG   key_derivation_type = 0
0017 DEBUG   Random = 8e103ffc2feb7112
0018 INFO    send: 80500000088E103FFC2FEB7112 [3S]
0019 INFO    Recv: 611C  
0020 INFO    send: 00C000001C [2S]
0021 INFO    Recv: 9000 000033320108435F192301020002598DD3961BFD32EA40B12E67B93F 
0022 DEBUG   Key Version (Hex) = 01
0023 DEBUG   SCP Major Version (Hex) = 02
0024 WARNING Overriding SCP version: card reports 2 but user requested 8
0025 DEBUG   Card Challenge = 0002598DD3961BFD
0026 DEBUG   Card Cryptogram = 32EA40B12E67B93F
0027 DEBUG   Not doing key diversification
0028 DEBUG   SCP02 dersification data ENC = 01820002000000000000000000000000
0029 DEBUG   SCP02 dersification data MAC = 01010002000000000000000000000000
0030 DEBUG   SCP02 dersification data KEK = 01810002000000000000000000000000
0031 DEBUG   SCP02 Session Key ENC = ADC1163BA2A147FBB84BF44C8676FB7D
0032 DEBUG   SCP02 Session Key MAC = 3E06B1C8FCFD788A573B9A9889D0CA50
0033 DEBUG   SCP02 Session Key KEK = FC01096B6DB13ADEE0D4CB61D03FD3AA
0034 DEBUG   Computed MAC = D7F4971F44EB6A0D285E53A4A6B6081632EA40B12E67B93F
0035 DEBUG   diversification data EMV = 0108435F1923F0010108435F19230F01
0036 DEBUG   Derived key ENC = A0444030B3A91A9BCCE317EA90D32403
0037 DEBUG   diversification data EMV = 0108435F1923F0020108435F19230F02
0038 DEBUG   Derived key MAC = 1C373178FC401806BFDD7FE0A9D5CA48
0039 DEBUG   diversification data EMV = 0108435F1923F0030108435F19230F03
0040 DEBUG   Derived key KEK = D550D80DBB700B6430703360061D9A7D
0041 INFO    send: 00A4040008A000000003000000 [3S]
0042 INFO    Recv: 6112  
0043 INFO    send: 00C0000012 [2S]
0044 INFO    Recv: 9000 6F108408A000000003000000A5049F6501FF 
0045 INFO    CM AID is A000000003000000 selected!
0046 DEBUG   key_derivation_type = 0
0047 DEBUG   Random = 1acb8f1c47d4f2e1
0048 INFO    send: 80500000081ACB8F1C47D4F2E1 [3S]
0049 INFO    Recv: 611C  
0050 INFO    send: 00C000001C [2S]
0051 INFO    Recv: 9000 000033320108435F192301020002598DD3961BFD5B58A284318AFEDD 
0052 DEBUG   Key Version (Hex) = 01
0053 DEBUG   SCP Major Version (Hex) = 02
0054 WARNING Overriding SCP version: card reports 2 but user requested 8
0055 DEBUG   Card Challenge = 0002598DD3961BFD
0056 DEBUG   Card Cryptogram = 5B58A284318AFEDD
0057 DEBUG   Not doing key diversification
0058 DEBUG   SCP02 dersification data ENC = 01820002000000000000000000000000
0059 DEBUG   SCP02 dersification data MAC = 01010002000000000000000000000000
0060 DEBUG   SCP02 dersification data KEK = 01810002000000000000000000000000
0061 DEBUG   SCP02 Session Key ENC = ADC1163BA2A147FBB84BF44C8676FB7D
0062 DEBUG   SCP02 Session Key MAC = 3E06B1C8FCFD788A573B9A9889D0CA50
0063 DEBUG   SCP02 Session Key KEK = FC01096B6DB13ADEE0D4CB61D03FD3AA
0064 DEBUG   Computed MAC = FB3A78701B6D762BDD830B08FE84D0F95B58A284318AFEDD
0065 DEBUG   Computed MAC = D8F5B8419359A645E0038572AB9985E3D04E1FAA2FF8BD12
0066 DEBUG   apdu =  8482000010D04E1FAA2FF8BD12
0067 DEBUG   C_MAC =  4479CE12E7B4B09D
0068 INFO    send: 8482000010D04E1FAA2FF8BD124479CE12E7B4B09D [3S]
0069 INFO    Recv: 9000  
0070 DEBUG   P1 = CARD_KEY_VERSION = 1
0071 DEBUG   keyDes2 A0444030B3A91A9BCCE317EA90D32403
0072 DEBUG   keyDes2 1C373178FC401806BFDD7FE0A9D5CA48
0073 DEBUG   keyDes2 D550D80DBB700B6430703360061D9A7D
0074 DEBUG   encodedKeyData 0180104BBB0A4851BC88CEC50ED40039B5D78E0392AFC580100D1AE81F07792F876720823FB3DAD13F03129B4E80105E1BEE7AD5F9D760621E595DD379E1C6036E6D33
0075 DEBUG   GP_APDU_MODE = 0
0076 INFO    send: 80D80181430180104BBB0A4851BC88CEC50ED40039B5D78E0392AFC580100D1AE81F07792F876720823FB3DAD13F03129B4E80105E1BEE7AD5F9D760621E595DD379E1C6036E6D33 [3S]
0077 INFO    Recv: 610A  
0078 INFO    send: 00C000000A [2S]
0079 INFO    Recv: 9000 0192AFC5129B4E6E6D33 
0080 INFO    Reader disconnected!
log ends: Mon Feb  6 13:10:04 2017

.\log\GpChangeKeyCPSDerivation.log log start: Mon Feb  6 13:10:12 2017
0000 DEBUG   Changed the voltage
0001 DEBUG   Timeout was set
0002 DEBUG   Available readers = O2Micro CCID SC Reader 0
0003 DEBUG   Reader Initialized
0004 INFO    Connected to reader: O2Micro CCID SC Reader 0
0005 INFO    Card ATR = 3B6800000073C84011009000
0006 INFO    PPS is exchanged automatically by OS
0007 INFO    Card ATR = 3B6800000073C84011009000
0008 DEBUG   KMC ENC = 404142434445464748494A4B4C4D4E4F
0009 DEBUG   KMC MAC = 404142434445464748494A4B4C4D4E4F
0010 DEBUG   KMC KEK = 404142434445464748494A4B4C4D4E4F
0011 INFO    send: 00A4040008A000000003000000 [3S]
0012 INFO    Recv: 6112  
0013 INFO    send: 00C0000012 [2S]
0014 INFO    Recv: 9000 6F108408A000000003000000A5049F6501FF 
0015 INFO    CM AID is A000000003000000 selected!
0016 DEBUG   key_derivation_type = 0
0017 DEBUG   Random = 76ab14110a1efa62
0018 INFO    send: 805000000876AB14110A1EFA62 [3S]
0019 INFO    Recv: 611C  
0020 INFO    send: 00C000001C [2S]
0021 INFO    Recv: 9000 000033320108435F1923010200003D029C31C7896EDAE776A6133C30 
0022 DEBUG   Key Version (Hex) = 01
0023 DEBUG   SCP Major Version (Hex) = 02
0024 WARNING Overriding SCP version: card reports 2 but user requested 8
0025 DEBUG   Card Challenge = 00003D029C31C789
0026 DEBUG   Card Cryptogram = 6EDAE776A6133C30
0027 DEBUG   Not doing key diversification
0028 DEBUG   SCP02 dersification data ENC = 01820000000000000000000000000000
0029 DEBUG   SCP02 dersification data MAC = 01010000000000000000000000000000
0030 DEBUG   SCP02 dersification data KEK = 01810000000000000000000000000000
0031 DEBUG   SCP02 Session Key ENC = 010B0371D78377B801F2D62AFC671D95
0032 DEBUG   SCP02 Session Key MAC = D1C28C601652A4770D67AD82D2D2E1C4
0033 DEBUG   SCP02 Session Key KEK = E11987EE331B417A5D67D760692F89D4
0034 DEBUG   Computed MAC = 0C56D7212AB23B0CACDCBC90F3B9AF5A6EDAE776A6133C30
0035 DEBUG   diversification data EMV = 0108435F1923F0010108435F19230F01
0036 DEBUG   Derived key ENC = A0444030B3A91A9BCCE317EA90D32403
0037 DEBUG   diversification data EMV = 0108435F1923F0020108435F19230F02
0038 DEBUG   Derived key MAC = 1C373178FC401806BFDD7FE0A9D5CA48
0039 DEBUG   diversification data EMV = 0108435F1923F0030108435F19230F03
0040 DEBUG   Derived key KEK = D550D80DBB700B6430703360061D9A7D
0041 INFO    send: 00A4040008A000000003000000 [3S]
0042 INFO    Recv: 6112  
0043 INFO    send: 00C0000012 [2S]
0044 INFO    Recv: 9000 6F108408A000000003000000A5049F6501FF 
0045 INFO    CM AID is A000000003000000 selected!
0046 DEBUG   key_derivation_type = 0
0047 DEBUG   Random = 76ab14110a1efa62
0048 INFO    send: 805000000876AB14110A1EFA62 [3S]
0049 INFO    Recv: 611C  
0050 INFO    send: 00C000001C [2S]
0051 INFO    Recv: 9000 000033320108435F1923010200003D029C31C7896EDAE776A6133C30 
0052 DEBUG   Key Version (Hex) = 01
0053 DEBUG   SCP Major Version (Hex) = 02
0054 WARNING Overriding SCP version: card reports 2 but user requested 8
0055 DEBUG   Card Challenge = 00003D029C31C789
0056 DEBUG   Card Cryptogram = 6EDAE776A6133C30
0057 DEBUG   Not doing key diversification
0058 DEBUG   SCP02 dersification data ENC = 01820000000000000000000000000000
0059 DEBUG   SCP02 dersification data MAC = 01010000000000000000000000000000
0060 DEBUG   SCP02 dersification data KEK = 01810000000000000000000000000000
0061 DEBUG   SCP02 Session Key ENC = 010B0371D78377B801F2D62AFC671D95
0062 DEBUG   SCP02 Session Key MAC = D1C28C601652A4770D67AD82D2D2E1C4
0063 DEBUG   SCP02 Session Key KEK = E11987EE331B417A5D67D760692F89D4
0064 DEBUG   Computed MAC = 0C56D7212AB23B0CACDCBC90F3B9AF5A6EDAE776A6133C30
0065 DEBUG   Computed MAC = 40F57BE3E8BE5DEA235A513559D45B491235CDF8E70705B6
0066 DEBUG   apdu =  84820000101235CDF8E70705B6
0067 DEBUG   C_MAC =  74089E08EC8EBD0A
0068 INFO    send: 84820000101235CDF8E70705B674089E08EC8EBD0A [3S]
0069 INFO    Recv: 9000  
0070 DEBUG   P1 = CARD_KEY_VERSION = 1
0071 DEBUG   keyDes2 A0444030B3A91A9BCCE317EA90D32403
0072 DEBUG   keyDes2 1C373178FC401806BFDD7FE0A9D5CA48
0073 DEBUG   keyDes2 D550D80DBB700B6430703360061D9A7D
0074 DEBUG   encodedKeyData 0180102AA7E21B8C1E7359BEF44B7DA1E8B3490392AFC58010176391B1248C940423373DA9F16DD87C03129B4E801079576C5642E5F761A0350B7D1776543D036E6D33
0075 DEBUG   GP_APDU_MODE = 0
0076 INFO    send: 80D80181430180102AA7E21B8C1E7359BEF44B7DA1E8B3490392AFC58010176391B1248C940423373DA9F16DD87C03129B4E801079576C5642E5F761A0350B7D1776543D036E6D33 [3S]
0077 INFO    Recv: 610A  
0078 INFO    send: 00C000000A [2S]
0079 INFO    Recv: 9000 0192AFC5129B4E6E6D33 
0080 INFO    Reader disconnected!
log ends: Mon Feb  6 13:10:12 2017

.\log\GpChangeKeyCPSDerivation.log log start: Tue Feb 21 15:37:12 2017
0000 DEBUG   Changed the voltage
0001 DEBUG   Timeout was set
0002 DEBUG   Available readers = O2Micro CCID SC Reader 0
0003 DEBUG   Reader Initialized
0004 INFO    Connected to reader: O2Micro CCID SC Reader 0
0005 INFO    Card ATR = 3B67000053432D3034304A
0006 INFO    PPS is exchanged automatically by OS
0007 INFO    Card ATR = 3B67000053432D3034304A
0008 DEBUG   KMC ENC = 404142434445464748494A4B4C4D4E4F
0009 DEBUG   KMC MAC = 404142434445464748494A4B4C4D4E4F
0010 DEBUG   KMC KEK = 404142434445464748494A4B4C4D4E4F
0011 INFO    send: 00A4040008A000000003000000 [3S]
0012 INFO    Recv: 6112  
0013 INFO    send: 00C0000012 [2S]
0014 INFO    Recv: 9000 6F108408A000000003000000A5049F6501FE 
0015 INFO    CM AID is A000000003000000 selected!
0016 DEBUG   key_derivation_type = 0
0017 DEBUG   Random = cf88e03dab309ea7
0018 INFO    send: 8050000008CF88E03DAB309EA7 [3S]
0019 INFO    Recv: 611C  
0020 INFO    send: 00C000001C [2S]
0021 INFO    Recv: 9000 0000428402046F43246CFF0200583B9153210E0FB55395785B055A9B 
0022 DEBUG   Key Version (Hex) = ff
0023 DEBUG   SCP Major Version (Hex) = 02
0024 WARNING Overriding SCP version: card reports 2 but user requested 8
0025 DEBUG   Card Challenge = 00583B9153210E0F
0026 DEBUG   Card Cryptogram = B55395785B055A9B
0027 DEBUG   Not doing key diversification
0028 DEBUG   SCP02 dersification data ENC = 01820058000000000000000000000000
0029 DEBUG   SCP02 dersification data MAC = 01010058000000000000000000000000
0030 DEBUG   SCP02 dersification data KEK = 01810058000000000000000000000000
0031 DEBUG   SCP02 Session Key ENC = 80771D8114834354BBFF71E617A9C9BD
0032 DEBUG   SCP02 Session Key MAC = 27051FE65AE643EDB8ACF2A76C933DA1
0033 DEBUG   SCP02 Session Key KEK = 88296D69BD5926099F8DB4BE45E99AA9
0034 DEBUG   Computed MAC = DD5E7F7F17A48BFE0840D012B2EE23A6B55395785B055A9B
0035 DEBUG   diversification data EMV = 02046F43246CF00102046F43246C0F01
0036 DEBUG   Derived key ENC = C687FA31300F14CA3E46CF0D799C4C66
0037 DEBUG   diversification data EMV = 02046F43246CF00202046F43246C0F02
0038 DEBUG   Derived key MAC = A2A072CFC442FE9ACF573D302C0FBBF9
0039 DEBUG   diversification data EMV = 02046F43246CF00302046F43246C0F03
0040 DEBUG   Derived key KEK = 62BE98834C68D84E10D496C0E268E390
0041 INFO    send: 00A4040008A000000003000000 [3S]
0042 INFO    Recv: 6112  
0043 INFO    send: 00C0000012 [2S]
0044 INFO    Recv: 9000 6F108408A000000003000000A5049F6501FE 
0045 INFO    CM AID is A000000003000000 selected!
0046 DEBUG   key_derivation_type = 0
0047 DEBUG   Random = cf88e03dab309ea7
0048 INFO    send: 8050000008CF88E03DAB309EA7 [3S]
0049 INFO    Recv: 611C  
0050 INFO    send: 00C000001C [2S]
0051 INFO    Recv: 9000 0000428402046F43246CFF0200583B9153210E0FB55395785B055A9B 
0052 DEBUG   Key Version (Hex) = ff
0053 DEBUG   SCP Major Version (Hex) = 02
0054 WARNING Overriding SCP version: card reports 2 but user requested 8
0055 DEBUG   Card Challenge = 00583B9153210E0F
0056 DEBUG   Card Cryptogram = B55395785B055A9B
0057 DEBUG   Not doing key diversification
0058 DEBUG   SCP02 dersification data ENC = 01820058000000000000000000000000
0059 DEBUG   SCP02 dersification data MAC = 01010058000000000000000000000000
0060 DEBUG   SCP02 dersification data KEK = 01810058000000000000000000000000
0061 DEBUG   SCP02 Session Key ENC = 80771D8114834354BBFF71E617A9C9BD
0062 DEBUG   SCP02 Session Key MAC = 27051FE65AE643EDB8ACF2A76C933DA1
0063 DEBUG   SCP02 Session Key KEK = 88296D69BD5926099F8DB4BE45E99AA9
0064 DEBUG   Computed MAC = DD5E7F7F17A48BFE0840D012B2EE23A6B55395785B055A9B
0065 DEBUG   Computed MAC = D4979985B4077714853E2975D0DF6643E7C48CF60136DF4D
0066 DEBUG   apdu =  8482000010E7C48CF60136DF4D
0067 DEBUG   C_MAC =  6021CC6268E2301C
0068 INFO    send: 8482000010E7C48CF60136DF4D6021CC6268E2301C [3S]
0069 INFO    Recv: 9000  
0070 DEBUG   keyDes2 C687FA31300F14CA3E46CF0D799C4C66
0071 DEBUG   keyDes2 A2A072CFC442FE9ACF573D302C0FBBF9
0072 DEBUG   keyDes2 62BE98834C68D84E10D496C0E268E390
0073 DEBUG   encodedKeyData ff8010DEFDB149024E78AA4A3B56FBD19F74F4030961E48010C5C19679F4B2571A5F367BFBEAC24F3903CE97BC801039F5074C18303B0CA1264FBD64EE825E03E564E1
0074 DEBUG   GP_APDU_MODE = 0
.\log\GpChangeKeyCPSDerivation.log log start: Tue Feb 21 15:38:18 2017
0000 DEBUG   Changed the voltage
0001 DEBUG   Timeout was set
0002 DEBUG   Available readers = O2Micro CCID SC Reader 0
0003 DEBUG   Reader Initialized
0004 INFO    Connected to reader: O2Micro CCID SC Reader 0
0005 INFO    Card ATR = 3B67000053432D3034304A
0006 INFO    PPS is exchanged automatically by OS
0007 INFO    Card ATR = 3B67000053432D3034304A
0008 DEBUG   KMC ENC = 404142434445464748494A4B4C4D4E4F
0009 DEBUG   KMC MAC = 404142434445464748494A4B4C4D4E4F
0010 DEBUG   KMC KEK = 404142434445464748494A4B4C4D4E4F
0011 INFO    send: 00A4040008A000000003000000 [3S]
0012 INFO    Recv: 6112  
0013 INFO    send: 00C0000012 [2S]
0014 INFO    Recv: 9000 6F108408A000000003000000A5049F6501FE 
0015 INFO    CM AID is A000000003000000 selected!
0016 DEBUG   key_derivation_type = 0
0017 DEBUG   Random = caffa726f04adf46
0018 INFO    send: 8050000008CAFFA726F04ADF46 [3S]
0019 INFO    Recv: 611C  
0020 INFO    send: 00C000001C [2S]
0021 INFO    Recv: 9000 0000428402046F43246CFF020059C764602B3CD88E90E3F94009287F 
0022 DEBUG   Key Version (Hex) = ff
0023 DEBUG   SCP Major Version (Hex) = 02
0024 WARNING Overriding SCP version: card reports 2 but user requested 8
0025 DEBUG   Card Challenge = 0059C764602B3CD8
0026 DEBUG   Card Cryptogram = 8E90E3F94009287F
0027 DEBUG   Not doing key diversification
0028 DEBUG   SCP02 dersification data ENC = 01820059000000000000000000000000
0029 DEBUG   SCP02 dersification data MAC = 01010059000000000000000000000000
0030 DEBUG   SCP02 dersification data KEK = 01810059000000000000000000000000
0031 DEBUG   SCP02 Session Key ENC = 7C8C534F9B525F319EC13C0752B90977
0032 DEBUG   SCP02 Session Key MAC = 9F8B0FB4972CC68B262F9BB5DE9BC8CF
0033 DEBUG   SCP02 Session Key KEK = 644DBD8A99F97D7EE6631A36C071D1C3
0034 DEBUG   Computed MAC = 64228C50137D2A6CDCCB0554F23D4B278E90E3F94009287F
0035 DEBUG   diversification data EMV = 02046F43246CF00102046F43246C0F01
0036 DEBUG   Derived key ENC = C687FA31300F14CA3E46CF0D799C4C66
0037 DEBUG   diversification data EMV = 02046F43246CF00202046F43246C0F02
0038 DEBUG   Derived key MAC = A2A072CFC442FE9ACF573D302C0FBBF9
0039 DEBUG   diversification data EMV = 02046F43246CF00302046F43246C0F03
0040 DEBUG   Derived key KEK = 62BE98834C68D84E10D496C0E268E390
0041 INFO    send: 00A4040008A000000003000000 [3S]
0042 INFO    Recv: 6112  
0043 INFO    send: 00C0000012 [2S]
0044 INFO    Recv: 9000 6F108408A000000003000000A5049F6501FE 
0045 INFO    CM AID is A000000003000000 selected!
0046 DEBUG   key_derivation_type = 0
0047 DEBUG   Random = 56bbf74509346116
0048 INFO    send: 805000000856BBF74509346116 [3S]
0049 INFO    Recv: 611C  
0050 INFO    send: 00C000001C [2S]
0051 INFO    Recv: 9000 0000428402046F43246CFF020059C764602B3CD87E99E053F85D0FBE 
0052 DEBUG   Key Version (Hex) = ff
0053 DEBUG   SCP Major Version (Hex) = 02
0054 WARNING Overriding SCP version: card reports 2 but user requested 8
0055 DEBUG   Card Challenge = 0059C764602B3CD8
0056 DEBUG   Card Cryptogram = 7E99E053F85D0FBE
0057 DEBUG   Not doing key diversification
0058 DEBUG   SCP02 dersification data ENC = 01820059000000000000000000000000
0059 DEBUG   SCP02 dersification data MAC = 01010059000000000000000000000000
0060 DEBUG   SCP02 dersification data KEK = 01810059000000000000000000000000
0061 DEBUG   SCP02 Session Key ENC = 7C8C534F9B525F319EC13C0752B90977
0062 DEBUG   SCP02 Session Key MAC = 9F8B0FB4972CC68B262F9BB5DE9BC8CF
0063 DEBUG   SCP02 Session Key KEK = 644DBD8A99F97D7EE6631A36C071D1C3
0064 DEBUG   Computed MAC = A4EF5B8C6DE99EF9F7CFB58580454CF87E99E053F85D0FBE
0065 DEBUG   Computed MAC = 6B3EBF34000C6B81F70554322A7E22E855DA8DA5134ABAFB
0066 DEBUG   apdu =  848200001055DA8DA5134ABAFB
0067 DEBUG   C_MAC =  B77938C0A80F2CFF
0068 INFO    send: 848200001055DA8DA5134ABAFBB77938C0A80F2CFF [3S]
0069 INFO    Recv: 9000  
0070 DEBUG   keyDes2 C687FA31300F14CA3E46CF0D799C4C66
0071 DEBUG   keyDes2 A2A072CFC442FE9ACF573D302C0FBBF9
0072 DEBUG   keyDes2 62BE98834C68D84E10D496C0E268E390
0073 DEBUG   encodedKeyData ff80107DD2B1FF94E624E159409A8B9BB8471C030961E48010F2005F4F946B29E14F3328975DB05AF903CE97BC80101E8BCE7FF2B83F8D809232D385210C2E03E564E1
0074 DEBUG   GP_APDU_MODE = 0
0075 INFO    send: 80D800FF43FF80107DD2B1FF94E624E159409A8B9BB8471C030961E48010F2005F4F946B29E14F3328975DB05AF903CE97BC80101E8BCE7FF2B83F8D809232D385210C2E03E564E1 [3S]
0076 INFO    Recv: 6A86  
.\log\GpChangeKeyCPSDerivation.log log start: Thu Feb 23 10:56:38 2017
0000 DEBUG   Available readers = O2Micro CCID SC Reader 0
0001 DEBUG   Reader Initialized
0002 INFO    Connected to reader: O2Micro CCID SC Reader 0
0003 INFO    Card ATR = 3B67000053432D3034304A
0004 DEBUG   KMC ENC = 404142434445464748494A4B4C4D4E4F
0005 DEBUG   KMC MAC = 404142434445464748494A4B4C4D4E4F
0006 DEBUG   KMC KEK = 404142434445464748494A4B4C4D4E4F
0007 INFO    send: 00A4040008A000000003000000 [3S]
0008 INFO    Recv: 6112  
0009 INFO    send: 00C0000012 [2S]
0010 INFO    Recv: 9000 6F108408A000000003000000A5049F6501FE 
0011 INFO    CM AID is A000000003000000 selected!
0012 DEBUG   key_derivation_type = 0
0013 DEBUG   Random = fccb34500539e8ab
0014 INFO    send: 8050000008FCCB34500539E8AB [3S]
0015 INFO    Recv: 611C  
0016 INFO    send: 00C000001C [2S]
0017 INFO    Recv: 9000 0000428402046F43246CFF02006B98A56C4FDD8905F90A7E4CECC046 
0018 DEBUG   Key Version (Hex) = ff
0019 DEBUG   SCP Major Version (Hex) = 02
0020 WARNING Overriding SCP version: card reports 2 but user requested 8
0021 DEBUG   Card Challenge = 006B98A56C4FDD89
0022 DEBUG   Card Cryptogram = 05F90A7E4CECC046
0023 DEBUG   Not doing key diversification
0024 DEBUG   SCP02 dersification data ENC = 0182006B000000000000000000000000
0025 DEBUG   SCP02 dersification data MAC = 0101006B000000000000000000000000
0026 DEBUG   SCP02 dersification data KEK = 0181006B000000000000000000000000
0027 DEBUG   SCP02 Session Key ENC = 44728F6A32342AF01E736E005F8A6216
0028 DEBUG   SCP02 Session Key MAC = F1E0922FC6CEDB19F847771C86BF29A1
0029 DEBUG   SCP02 Session Key KEK = D3C59F606BEC6400F8E150DA1CED5AFD
0030 DEBUG   Computed MAC = 9FFA08240B9855CA48B773792F34FDA605F90A7E4CECC046
0031 DEBUG   diversification data EMV = 02046F43246CF00102046F43246C0F01
0032 DEBUG   Derived key ENC = C687FA31300F14CA3E46CF0D799C4C66
0033 DEBUG   diversification data EMV = 02046F43246CF00202046F43246C0F02
0034 DEBUG   Derived key MAC = A2A072CFC442FE9ACF573D302C0FBBF9
0035 DEBUG   diversification data EMV = 02046F43246CF00302046F43246C0F03
0036 DEBUG   Derived key KEK = 62BE98834C68D84E10D496C0E268E390
0037 INFO    send: 00A4040008A000000003000000 [3S]
0038 INFO    Recv: 6112  
0039 INFO    send: 00C0000012 [2S]
0040 INFO    Recv: 9000 6F108408A000000003000000A5049F6501FE 
0041 INFO    CM AID is A000000003000000 selected!
0042 DEBUG   key_derivation_type = 0
0043 DEBUG   Random = 8888856f1d22697b
0044 INFO    send: 80500000088888856F1D22697B [3S]
0045 INFO    Recv: 611C  
0046 INFO    send: 00C000001C [2S]
0047 INFO    Recv: 9000 0000428402046F43246CFF02006B98A56C4FDD895E8D5B9C25B17FF1 
0048 DEBUG   Key Version (Hex) = ff
0049 DEBUG   SCP Major Version (Hex) = 02
0050 WARNING Overriding SCP version: card reports 2 but user requested 8
0051 DEBUG   Card Challenge = 006B98A56C4FDD89
0052 DEBUG   Card Cryptogram = 5E8D5B9C25B17FF1
0053 DEBUG   Not doing key diversification
0054 DEBUG   SCP02 dersification data ENC = 0182006B000000000000000000000000
0055 DEBUG   SCP02 dersification data MAC = 0101006B000000000000000000000000
0056 DEBUG   SCP02 dersification data KEK = 0181006B000000000000000000000000
0057 DEBUG   SCP02 Session Key ENC = 44728F6A32342AF01E736E005F8A6216
0058 DEBUG   SCP02 Session Key MAC = F1E0922FC6CEDB19F847771C86BF29A1
0059 DEBUG   SCP02 Session Key KEK = D3C59F606BEC6400F8E150DA1CED5AFD
0060 DEBUG   Computed MAC = 339019901BC5ABE23CEF41DB967A35AA5E8D5B9C25B17FF1
0061 DEBUG   Computed MAC = 1D3B3F545965CD2358D34AFEE14A518D71EB486884780FC4
0062 DEBUG   apdu =  848200001071EB486884780FC4
0063 DEBUG   C_MAC =  137AAC635C6B965C
0064 INFO    send: 848200001071EB486884780FC4137AAC635C6B965C [3S]
0065 INFO    Recv: 9000  
0066 DEBUG   keyDes2 C687FA31300F14CA3E46CF0D799C4C66
0067 DEBUG   keyDes2 A2A072CFC442FE9ACF573D302C0FBBF9
0068 DEBUG   keyDes2 62BE98834C68D84E10D496C0E268E390
0069 DEBUG   encodedKeyData ff80101CF019ABDCFFAAE270F1573A674DE824030961E480101EB55D8DCC0C14F5A0FE493436B5D32103CE97BC8010F11690F1F8B1D393E38C8C4BE176A71503E564E1
0070 DEBUG   GP_APDU_MODE = 0
0071 INFO    send: 80D800FF43FF80101CF019ABDCFFAAE270F1573A674DE824030961E480101EB55D8DCC0C14F5A0FE493436B5D32103CE97BC8010F11690F1F8B1D393E38C8C4BE176A71503E564E1 [3S]
0072 INFO    Recv: 6A86  
.\log\GpChangeKeyCPSDerivation.log log start: Thu Feb 23 10:57:29 2017
0000 DEBUG   Available readers = O2Micro CCID SC Reader 0
0001 DEBUG   Reader Initialized
0002 INFO    Connected to reader: O2Micro CCID SC Reader 0
0003 INFO    Card ATR = 3B67000053432D3034304A
0004 DEBUG   KMC ENC = 404142434445464748494A4B4C4D4E4F
0005 DEBUG   KMC MAC = 404142434445464748494A4B4C4D4E4F
0006 DEBUG   KMC KEK = 404142434445464748494A4B4C4D4E4F
0007 INFO    send: 00A4040008A000000003000000 [3S]
0008 INFO    Recv: 6112  
0009 INFO    send: 00C0000012 [2S]
0010 INFO    Recv: 9000 6F108408A000000003000000A5049F6501FE 
0011 INFO    CM AID is A000000003000000 selected!
0012 DEBUG   key_derivation_type = 0
0013 DEBUG   Random = ca40426ddcaa9b1a
0014 INFO    send: 8050000008CA40426DDCAA9B1A [3S]
0015 INFO    Recv: 611C  
0016 INFO    send: 00C000001C [2S]
0017 INFO    Recv: 9000 0000428402046F43246CFF02006C986EEC6839D3EE44BB2BFB6CBB9A 
0018 DEBUG   Key Version (Hex) = ff
0019 DEBUG   SCP Major Version (Hex) = 02
0020 WARNING Overriding SCP version: card reports 2 but user requested 8
0021 DEBUG   Card Challenge = 006C986EEC6839D3
0022 DEBUG   Card Cryptogram = EE44BB2BFB6CBB9A
0023 DEBUG   Not doing key diversification
0024 DEBUG   SCP02 dersification data ENC = 0182006C000000000000000000000000
0025 DEBUG   SCP02 dersification data MAC = 0101006C000000000000000000000000
0026 DEBUG   SCP02 dersification data KEK = 0181006C000000000000000000000000
0027 DEBUG   SCP02 Session Key ENC = 8571A97EF3F81AEBA8B092586BC7AC9D
0028 DEBUG   SCP02 Session Key MAC = ED91D4217F65ED891B329960686DF919
0029 DEBUG   SCP02 Session Key KEK = F8BB7891CA43C10B522015C24457F939
0030 DEBUG   Computed MAC = F0503CE55386ABA06266E8BCF89DF90CEE44BB2BFB6CBB9A
0031 DEBUG   diversification data EMV = 02046F43246CF00102046F43246C0F01
0032 DEBUG   Derived key ENC = C687FA31300F14CA3E46CF0D799C4C66
0033 DEBUG   diversification data EMV = 02046F43246CF00202046F43246C0F02
0034 DEBUG   Derived key MAC = A2A072CFC442FE9ACF573D302C0FBBF9
0035 DEBUG   diversification data EMV = 02046F43246CF00302046F43246C0F03
0036 DEBUG   Derived key KEK = 62BE98834C68D84E10D496C0E268E390
0037 INFO    send: 00A4040008A000000003000000 [3S]
0038 INFO    Recv: 6112  
0039 INFO    send: 00C0000012 [2S]
0040 INFO    Recv: 9000 6F108408A000000003000000A5049F6501FE 
0041 INFO    CM AID is A000000003000000 selected!
0042 DEBUG   key_derivation_type = 0
0043 DEBUG   Random = ca40426ddcaa9b1a
0044 INFO    send: 8050000008CA40426DDCAA9B1A [3S]
0045 INFO    Recv: 611C  
0046 INFO    send: 00C000001C [2S]
0047 INFO    Recv: 9000 0000428402046F43246CFF02006C986EEC6839D3EE44BB2BFB6CBB9A 
0048 DEBUG   Key Version (Hex) = ff
0049 DEBUG   SCP Major Version (Hex) = 02
0050 WARNING Overriding SCP version: card reports 2 but user requested 8
0051 DEBUG   Card Challenge = 006C986EEC6839D3
0052 DEBUG   Card Cryptogram = EE44BB2BFB6CBB9A
0053 DEBUG   Not doing key diversification
0054 DEBUG   SCP02 dersification data ENC = 0182006C000000000000000000000000
0055 DEBUG   SCP02 dersification data MAC = 0101006C000000000000000000000000
0056 DEBUG   SCP02 dersification data KEK = 0181006C000000000000000000000000
0057 DEBUG   SCP02 Session Key ENC = 8571A97EF3F81AEBA8B092586BC7AC9D
0058 DEBUG   SCP02 Session Key MAC = ED91D4217F65ED891B329960686DF919
0059 DEBUG   SCP02 Session Key KEK = F8BB7891CA43C10B522015C24457F939
0060 DEBUG   Computed MAC = F0503CE55386ABA06266E8BCF89DF90CEE44BB2BFB6CBB9A
0061 DEBUG   Computed MAC = B11ABE17048DE7FC08CCE95F1F918F05DC1F0979A3153B54
0062 DEBUG   apdu =  8482000010DC1F0979A3153B54
0063 DEBUG   C_MAC =  CE777FE1E1D1571D
0064 INFO    send: 8482000010DC1F0979A3153B54CE777FE1E1D1571D [3S]
0065 INFO    Recv: 9000  
0066 DEBUG   keyDes2 C687FA31300F14CA3E46CF0D799C4C66
0067 DEBUG   keyDes2 A2A072CFC442FE9ACF573D302C0FBBF9
0068 DEBUG   keyDes2 62BE98834C68D84E10D496C0E268E390
0069 DEBUG   encodedKeyData ff80104859B1C2A6F35628918EB1D469082FA8030961E48010C32B46A1AD4B6ACD6DC067B7C3A1FD3403CE97BC8010A7D1D184F4F46C6EACA38A1C496F1C8A03E564E1
0070 DEBUG   GP_APDU_MODE = 0
0071 INFO    send: 80D800FF43FF80104859B1C2A6F35628918EB1D469082FA8030961E48010C32B46A1AD4B6ACD6DC067B7C3A1FD3403CE97BC8010A7D1D184F4F46C6EACA38A1C496F1C8A03E564E1 [3S]
0072 INFO    Recv: 6A86  
.\log\GpChangeKeyCPSDerivation.log log start: Thu Feb 23 10:59:17 2017
0000 DEBUG   Available readers = O2Micro CCID SC Reader 0
0001 DEBUG   Reader Initialized
0002 INFO    Connected to reader: O2Micro CCID SC Reader 0
0003 INFO    Card ATR = 3B67000053432D3034304A
0004 DEBUG   KMC ENC = 404142434445464748494A4B4C4D4E4F
0005 DEBUG   KMC MAC = 404142434445464748494A4B4C4D4E4F
0006 DEBUG   KMC KEK = 404142434445464748494A4B4C4D4E4F
0007 INFO    send: 00A4040008A000000003000000 [3S]
0008 INFO    Recv: 6112  
0009 INFO    send: 00C0000012 [2S]
0010 INFO    Recv: 9000 6F108408A000000003000000A5049F6501FE 
0011 INFO    CM AID is A000000003000000 selected!
0012 DEBUG   key_derivation_type = 0
0013 DEBUG   Random = ab8f415e1f0507d6
0014 INFO    send: 8050000008AB8F415E1F0507D6 [3S]
0015 INFO    Recv: 611C  
0016 INFO    send: 00C000001C [2S]
0017 INFO    Recv: 9000 0000428402046F43246CFF02006DB63B35AC9855D08590A026108568 
0018 DEBUG   Key Version (Hex) = ff
0019 DEBUG   SCP Major Version (Hex) = 02
0020 WARNING Overriding SCP version: card reports 2 but user requested 8
0021 DEBUG   Card Challenge = 006DB63B35AC9855
0022 DEBUG   Card Cryptogram = D08590A026108568
0023 DEBUG   Not doing key diversification
0024 DEBUG   SCP02 dersification data ENC = 0182006D000000000000000000000000
0025 DEBUG   SCP02 dersification data MAC = 0101006D000000000000000000000000
0026 DEBUG   SCP02 dersification data KEK = 0181006D000000000000000000000000
0027 DEBUG   SCP02 Session Key ENC = 0BBBCBF2BC4D83898C383D88C3876144
0028 DEBUG   SCP02 Session Key MAC = A071E1C77297BF456E1BFCF1C3A677A4
0029 DEBUG   SCP02 Session Key KEK = 00E8A98ED4D1CCE46E7E2B2B31556BA3
0030 DEBUG   Computed MAC = AA05295A8F36D8AEEAC819DDACF7974DD08590A026108568
0031 DEBUG   diversification data EMV = 02046F43246CF00102046F43246C0F01
0032 DEBUG   Derived key ENC = C687FA31300F14CA3E46CF0D799C4C66
0033 DEBUG   diversification data EMV = 02046F43246CF00202046F43246C0F02
0034 DEBUG   Derived key MAC = A2A072CFC442FE9ACF573D302C0FBBF9
0035 DEBUG   diversification data EMV = 02046F43246CF00302046F43246C0F03
0036 DEBUG   Derived key KEK = 62BE98834C68D84E10D496C0E268E390
0037 INFO    send: 00A4040008A000000003000000 [3S]
0038 INFO    Recv: 6112  
0039 INFO    send: 00C0000012 [2S]
0040 INFO    Recv: 9000 6F108408A000000003000000A5049F6501FE 
0041 INFO    CM AID is A000000003000000 selected!
0042 DEBUG   key_derivation_type = 0
0043 DEBUG   Random = ab8f415e1f0507d6
0044 INFO    send: 8050000008AB8F415E1F0507D6 [3S]
0045 INFO    Recv: 611C  
0046 INFO    send: 00C000001C [2S]
0047 INFO    Recv: 9000 0000428402046F43246CFF02006DB63B35AC9855D08590A026108568 
0048 DEBUG   Key Version (Hex) = ff
0049 DEBUG   SCP Major Version (Hex) = 02
0050 WARNING Overriding SCP version: card reports 2 but user requested 8
0051 DEBUG   Card Challenge = 006DB63B35AC9855
0052 DEBUG   Card Cryptogram = D08590A026108568
0053 DEBUG   Not doing key diversification
0054 DEBUG   SCP02 dersification data ENC = 0182006D000000000000000000000000
0055 DEBUG   SCP02 dersification data MAC = 0101006D000000000000000000000000
0056 DEBUG   SCP02 dersification data KEK = 0181006D000000000000000000000000
0057 DEBUG   SCP02 Session Key ENC = 0BBBCBF2BC4D83898C383D88C3876144
0058 DEBUG   SCP02 Session Key MAC = A071E1C77297BF456E1BFCF1C3A677A4
0059 DEBUG   SCP02 Session Key KEK = 00E8A98ED4D1CCE46E7E2B2B31556BA3
0060 DEBUG   Computed MAC = AA05295A8F36D8AEEAC819DDACF7974DD08590A026108568
0061 DEBUG   Computed MAC = A45DB797BD0F9DAD77EF1D8332C76F5BF11AF65DA36A2733
0062 DEBUG   apdu =  8482010010F11AF65DA36A2733
0063 DEBUG   C_MAC =  9DAA0ED61732242F
0064 INFO    send: 8482010010F11AF65DA36A27339DAA0ED61732242F [3S]
0065 INFO    Recv: 9000  
0066 DEBUG   keyDes2 C687FA31300F14CA3E46CF0D799C4C66
0067 DEBUG   keyDes2 A2A072CFC442FE9ACF573D302C0FBBF9
0068 DEBUG   keyDes2 62BE98834C68D84E10D496C0E268E390
0069 DEBUG   encodedKeyData ff8010C0F0D080C8B09CF5FC45BCDC8EDDF674030961E480102EBAA399AC8ED8280C4F7615FEBE865303CE97BC8010BAEDD9F8CBC7F3D897CB78E1AC1B6B6003E564E1
0070 DEBUG   GP_APDU_MODE = 0
0071 DEBUG   apdu =  84D800FF4BFF8010C0F0D080C8B09CF5FC45BCDC8EDDF674030961E480102EBAA399AC8ED8280C4F7615FEBE865303CE97BC8010BAEDD9F8CBC7F3D897CB78E1AC1B6B6003E564E1
0072 DEBUG   C_MAC =  54C1D93B18768D44
0073 INFO    send: 84D800FF4BFF8010C0F0D080C8B09CF5FC45BCDC8EDDF674030961E480102EBAA399AC8ED8280C4F7615FEBE865303CE97BC8010BAEDD9F8CBC7F3D897CB78E1AC1B6B6003E564E154C1D93B18768D44 [3S]
0074 INFO    Recv: 6A86  
.\log\GpChangeKeyCPSDerivation.log log start: Thu Feb 23 11:02:11 2017
0000 DEBUG   Available readers = O2Micro CCID SC Reader 0
0001 DEBUG   Reader Initialized
0002 INFO    Connected to reader: O2Micro CCID SC Reader 0
0003 INFO    Card ATR = 3B67000053432D3034304A
0004 DEBUG   KMC ENC = 404142434445464748494A4B4C4D4E4F
0005 DEBUG   KMC MAC = 404142434445464748494A4B4C4D4E4F
0006 DEBUG   KMC KEK = 404142434445464748494A4B4C4D4E4F
0007 INFO    send: 00A4040008A000000003000000 [3S]
0008 INFO    Recv: 6112  
0009 INFO    send: 00C0000012 [2S]
0010 INFO    Recv: 9000 6F108408A000000003000000A5049F6501FE 
0011 INFO    CM AID is A000000003000000 selected!
0012 DEBUG   key_derivation_type = 0
0013 DEBUG   Random = 88560738a579b431
0014 INFO    send: 805000000888560738A579B431 [3S]
0015 INFO    Recv: 611C  
0016 INFO    send: 00C000001C [2S]
0017 INFO    Recv: 9000 0000428402046F43246CFF020070B17D266F5B796A9E193FF78652BE 
0018 DEBUG   Key Version (Hex) = ff
0019 DEBUG   SCP Major Version (Hex) = 02
0020 WARNING Overriding SCP version: card reports 2 but user requested 8
0021 DEBUG   Card Challenge = 0070B17D266F5B79
0022 DEBUG   Card Cryptogram = 6A9E193FF78652BE
0023 DEBUG   Not doing key diversification
0024 DEBUG   SCP02 dersification data ENC = 01820070000000000000000000000000
0025 DEBUG   SCP02 dersification data MAC = 01010070000000000000000000000000
0026 DEBUG   SCP02 dersification data KEK = 01810070000000000000000000000000
0027 DEBUG   SCP02 Session Key ENC = 9FAA263D919FD0848E12DBC2536EDDCA
0028 DEBUG   SCP02 Session Key MAC = D4E264195B432565B29403CFDB32D5DD
0029 DEBUG   SCP02 Session Key KEK = F3E351A859974926C845FB3D3BD44C03
0030 DEBUG   Computed MAC = C6CC11EE23B7313A56F13D39908B6D526A9E193FF78652BE
0031 DEBUG   diversification data EMV = 02046F43246CF00102046F43246C0F01
0032 DEBUG   Derived key ENC = C687FA31300F14CA3E46CF0D799C4C66
0033 DEBUG   diversification data EMV = 02046F43246CF00202046F43246C0F02
0034 DEBUG   Derived key MAC = A2A072CFC442FE9ACF573D302C0FBBF9
0035 DEBUG   diversification data EMV = 02046F43246CF00302046F43246C0F03
0036 DEBUG   Derived key KEK = 62BE98834C68D84E10D496C0E268E390
0037 INFO    send: 00A4040008A000000003000000 [3S]
0038 INFO    Recv: 6112  
0039 INFO    send: 00C0000012 [2S]
0040 INFO    Recv: 9000 6F108408A000000003000000A5049F6501FE 
0041 INFO    CM AID is A000000003000000 selected!
0042 DEBUG   key_derivation_type = 0
0043 DEBUG   Random = ad225f33854fb1bc
0044 INFO    send: 8050000008AD225F33854FB1BC [3S]
0045 INFO    Recv: 611C  
0046 INFO    send: 00C000001C [2S]
0047 INFO    Recv: 9000 0000428402046F43246CFF020070B17D266F5B7959FC488E3C501676 
0048 DEBUG   Key Version (Hex) = ff
0049 DEBUG   SCP Major Version (Hex) = 02
0050 WARNING Overriding SCP version: card reports 2 but user requested 8
0051 DEBUG   Card Challenge = 0070B17D266F5B79
0052 DEBUG   Card Cryptogram = 59FC488E3C501676
0053 DEBUG   Not doing key diversification
0054 DEBUG   SCP02 dersification data ENC = 01820070000000000000000000000000
0055 DEBUG   SCP02 dersification data MAC = 01010070000000000000000000000000
0056 DEBUG   SCP02 dersification data KEK = 01810070000000000000000000000000
0057 DEBUG   SCP02 Session Key ENC = 9FAA263D919FD0848E12DBC2536EDDCA
0058 DEBUG   SCP02 Session Key MAC = D4E264195B432565B29403CFDB32D5DD
0059 DEBUG   SCP02 Session Key KEK = F3E351A859974926C845FB3D3BD44C03
0060 DEBUG   Computed MAC = 3A86BC2510C4EA8D85D91A7F220ED08B59FC488E3C501676
0061 DEBUG   Computed MAC = A6B74B3AE736AEF5087A60F5B334508550FAABEEA63EF87D
0062 DEBUG   apdu =  848200001050FAABEEA63EF87D
0063 DEBUG   C_MAC =  ECA55391C3FF1B8A
0064 INFO    send: 848200001050FAABEEA63EF87DECA55391C3FF1B8A [3S]
0065 INFO    Recv: 9000  
0066 DEBUG   keyDes2 C687FA31300F14CA3E46CF0D799C4C66
0067 DEBUG   keyDes2 A2A072CFC442FE9ACF573D302C0FBBF9
0068 DEBUG   keyDes2 62BE98834C68D84E10D496C0E268E390
0069 DEBUG   encodedKeyData ff8010408E4A9F479D96F4E55B98111D15C37F030961E4801017116FF64847FE7571C3699CA28A583D03CE97BC8010726C59A566695279740E4521397C7EBB03E564E1
0070 DEBUG   GP_APDU_MODE = 0
0071 INFO    send: 80D800FF43FF8010408E4A9F479D96F4E55B98111D15C37F030961E4801017116FF64847FE7571C3699CA28A583D03CE97BC8010726C59A566695279740E4521397C7EBB03E564E1 [3S]
0072 INFO    Recv: 6A86  
.\log\GpChangeKeyCPSDerivation.log log start: Thu Feb 23 11:07:42 2017
0000 DEBUG   Available readers = O2Micro CCID SC Reader 0
0001 DEBUG   Reader Initialized
0002 INFO    Connected to reader: O2Micro CCID SC Reader 0
0003 INFO    Card ATR = 3B67000053432D3034304A
0004 DEBUG   KMC ENC = 404142434445464748494A4B4C4D4E4F
0005 DEBUG   KMC MAC = 404142434445464748494A4B4C4D4E4F
0006 DEBUG   KMC KEK = 404142434445464748494A4B4C4D4E4F
0007 INFO    send: 00A4040008A000000003000000 [3S]
0008 INFO    Recv: 6112  
0009 INFO    send: 00C0000012 [2S]
0010 INFO    Recv: 9000 6F108408A000000003000000A5049F6501FE 
0011 INFO    CM AID is A000000003000000 selected!
0012 DEBUG   key_derivation_type = 0
0013 DEBUG   Random = fb6837e217e77e16
0014 INFO    send: 8050000008FB6837E217E77E16 [3S]
0015 INFO    Recv: 611C  
0016 INFO    send: 00C000001C [2S]
0017 INFO    Recv: 9000 0000428402046F43246CFF02007187AACDE72FC2A1AA68295692DA09 
0018 DEBUG   Key Version (Hex) = ff
0019 DEBUG   SCP Major Version (Hex) = 02
0020 WARNING Overriding SCP version: card reports 2 but user requested 8
0021 DEBUG   Card Challenge = 007187AACDE72FC2
0022 DEBUG   Card Cryptogram = A1AA68295692DA09
0023 DEBUG   Not doing key diversification
0024 DEBUG   SCP02 dersification data ENC = 01820071000000000000000000000000
0025 DEBUG   SCP02 dersification data MAC = 01010071000000000000000000000000
0026 DEBUG   SCP02 dersification data KEK = 01810071000000000000000000000000
0027 DEBUG   SCP02 Session Key ENC = 5246B7B44BB830257A6546CF9FF70413
0028 DEBUG   SCP02 Session Key MAC = 250DC88427E2C97165280D315EB39640
0029 DEBUG   SCP02 Session Key KEK = AD1197EAA5AAB912CB91F82C7B7DC125
0030 DEBUG   Computed MAC = B1868F44CC6E46F737B5A5A6D6AEF4BFA1AA68295692DA09
0031 DEBUG   diversification data EMV = 02046F43246CF00102046F43246C0F01
0032 DEBUG   Derived key ENC = C687FA31300F14CA3E46CF0D799C4C66
0033 DEBUG   diversification data EMV = 02046F43246CF00202046F43246C0F02
0034 DEBUG   Derived key MAC = A2A072CFC442FE9ACF573D302C0FBBF9
0035 DEBUG   diversification data EMV = 02046F43246CF00302046F43246C0F03
0036 DEBUG   Derived key KEK = 62BE98834C68D84E10D496C0E268E390
0037 INFO    send: 00A4040008A000000003000000 [3S]
0038 INFO    Recv: 6112  
0039 INFO    send: 00C0000012 [2S]
0040 INFO    Recv: 9000 6F108408A000000003000000A5049F6501FE 
0041 INFO    CM AID is A000000003000000 selected!
0042 DEBUG   key_derivation_type = 0
0043 DEBUG   Random = fb6837e217e77e16
0044 INFO    send: 8050000008FB6837E217E77E16 [3S]
0045 INFO    Recv: 611C  
0046 INFO    send: 00C000001C [2S]
0047 INFO    Recv: 9000 0000428402046F43246CFF02007187AACDE72FC2A1AA68295692DA09 
0048 DEBUG   Key Version (Hex) = ff
0049 DEBUG   SCP Major Version (Hex) = 02
0050 WARNING Overriding SCP version: card reports 2 but user requested 8
0051 DEBUG   Card Challenge = 007187AACDE72FC2
0052 DEBUG   Card Cryptogram = A1AA68295692DA09
0053 DEBUG   Not doing key diversification
0054 DEBUG   SCP02 dersification data ENC = 01820071000000000000000000000000
0055 DEBUG   SCP02 dersification data MAC = 01010071000000000000000000000000
0056 DEBUG   SCP02 dersification data KEK = 01810071000000000000000000000000
0057 DEBUG   SCP02 Session Key ENC = 5246B7B44BB830257A6546CF9FF70413
0058 DEBUG   SCP02 Session Key MAC = 250DC88427E2C97165280D315EB39640
0059 DEBUG   SCP02 Session Key KEK = AD1197EAA5AAB912CB91F82C7B7DC125
0060 DEBUG   Computed MAC = B1868F44CC6E46F737B5A5A6D6AEF4BFA1AA68295692DA09
0061 DEBUG   Computed MAC = BC7B87D505E04198A5EC3D0CF4442FE7C1EAFC1BB4EE4481
0062 DEBUG   apdu =  8482000010C1EAFC1BB4EE4481
0063 DEBUG   C_MAC =  A75E758D124316E4
0064 INFO    send: 8482000010C1EAFC1BB4EE4481A75E758D124316E4 [3S]
0065 INFO    Recv: 9000  
0066 DEBUG   keyDes2 C687FA31300F14CA3E46CF0D799C4C66
0067 DEBUG   keyDes2 A2A072CFC442FE9ACF573D302C0FBBF9
0068 DEBUG   keyDes2 62BE98834C68D84E10D496C0E268E390
0069 DEBUG   encodedKeyData 0180107D2E2ACDE40D944F5AF273AF2ED0598C030961E480109B1C0C435875FCA321A08E1D5774F9D503CE97BC8010571BA969FBC3BC1202DA3A56E983C21E03E564E1
0070 DEBUG   GP_APDU_MODE = 0
0071 INFO    send: 80D80081430180107D2E2ACDE40D944F5AF273AF2ED0598C030961E480109B1C0C435875FCA321A08E1D5774F9D503CE97BC8010571BA969FBC3BC1202DA3A56E983C21E03E564E1 [3S]
0072 INFO    Recv: 610A  
0073 INFO    send: 00C000000A [2S]
0074 INFO    Recv: 9000 010961E4CE97BCE564E1 
0075 INFO    Reader disconnected!
log ends: Thu Feb 23 11:07:43 2017

