.\log\GpChangeKeyNoDerivation.log log start: Tue Apr  4 16:31:13 2017
0000 DEBUG   Changed the voltage
0001 DEBUG   Timeout was set
0002 DEBUG   Available readers = Fabio Ottavi Pipe Reader 0
Fabio Ottavi TCP/IP Reader 1
O2Micro CCID SC Reader 0
Virtual Smart Card Architecture Virtual PCD 2
0003 DEBUG   Reader Initialized
0004 INFO    Connected to reader: O2Micro CCID SC Reader 0
0005 INFO    Card ATR = 3B6800000073C84011009000
0006 DEBUG   KMC ENC = 404142434445464748494A4B4C4D4E4F
0007 DEBUG   KMC MAC = 404142434445464748494A4B4C4D4E4F
0008 DEBUG   KMC KEK = 404142434445464748494A4B4C4D4E4F
0009 INFO    send: 00A4040008A000000003000000 [3S]
0010 INFO    Recv: 6112  
0011 INFO    send: 00C0000012 [2S]
0012 INFO    Recv: 9000 6F108408A000000003000000A5049F6501FF 
0013 INFO    CM AID is A000000003000000 selected!
0014 DEBUG   key_derivation_type = 2
0015 DEBUG   Random = 2393994726d55d19
0016 INFO    send: 80500000082393994726D55D19 [3S]
0017 INFO    Recv: 611C  
0018 INFO    send: 00C000001C [2S]
0019 INFO    Recv: 9000 000033320108435E1923010200018F1722A5A150450276C84060D95E 
0020 DEBUG   Key Version (Hex) = 01
0021 DEBUG   SCP Major Version (Hex) = 02
0022 WARNING Overriding SCP version: card reports 2 but user requested 8
0023 DEBUG   Card Challenge = 00018F1722A5A150
0024 DEBUG   Card Cryptogram = 450276C84060D95E
0025 DEBUG   diversification data EMV = 0108435E1923F0010108435E19230F01
0026 DEBUG   Derived key ENC = B2981F9D35B654EDBAE9E9662FFF131C
0027 DEBUG   diversification data EMV = 0108435E1923F0020108435E19230F02
0028 DEBUG   Derived key MAC = 907D1536160FAE1A3A8EF909A0B0085E
0029 DEBUG   diversification data EMV = 0108435E1923F0030108435E19230F03
0030 DEBUG   Derived key KEK = 3F7778A0FC27C05C7356366C50E99BB3
0031 DEBUG   SCP02 dersification data ENC = 01820001000000000000000000000000
0032 DEBUG   SCP02 dersification data MAC = 01010001000000000000000000000000
0033 DEBUG   SCP02 dersification data KEK = 01810001000000000000000000000000
0034 DEBUG   SCP02 Session Key ENC = 80708999A58FEBA6646C22AAD1C441CC
0035 DEBUG   SCP02 Session Key MAC = 82FDBE3AB1D93A8B1C48E5A84CA1BD50
0036 DEBUG   SCP02 Session Key KEK = 4504804E1630D2ABC0080FF5878DE2E4
0037 DEBUG   Computed MAC = 325BEC1D0562043B86A0351B4E5F0D69450276C84060D95E
0038 DEBUG   Computed MAC = 3A037955A4E8CF10A299055E531611DBAEE7A0CB66C5C219
0039 DEBUG   apdu =  8482000010AEE7A0CB66C5C219
0040 DEBUG   C_MAC =  D0CF47143C973950
0041 INFO    send: 8482000010AEE7A0CB66C5C219D0CF47143C973950 [3S]
0042 INFO    Recv: 9000  
0043 DEBUG   P1 = CARD_KEY_VERSION = 1
0044 DEBUG   keyDes2 404142434445464748494A4B4C4D4E4F
0045 DEBUG   keyDes2 404142434445464748494A4B4C4D4E4F
0046 DEBUG   keyDes2 404142434445464748494A4B4C4D4E4F
0047 DEBUG   encodedKeyData 0180109A0750E8D4197E3401EAA48F9A6271AD038BAF4780109A0750E8D4197E3401EAA48F9A6271AD038BAF4780109A0750E8D4197E3401EAA48F9A6271AD038BAF47
0048 DEBUG   GP_APDU_MODE = 0
0049 INFO    send: 80D80181430180109A0750E8D4197E3401EAA48F9A6271AD038BAF4780109A0750E8D4197E3401EAA48F9A6271AD038BAF4780109A0750E8D4197E3401EAA48F9A6271AD038BAF47 [3S]
0050 INFO    Recv: 610A  
0051 INFO    send: 00C000000A [2S]
0052 INFO    Recv: 9000 018BAF478BAF478BAF47 
0053 INFO    Reader disconnected!
log ends: Tue Apr  4 16:31:14 2017

