.\log\GpChangeKeyCPS.log log start: Mon Feb  6 12:00:22 2017
0000 DEBUG   Changed the voltage
0001 DEBUG   Timeout was set
0002 DEBUG   Available readers = O2Micro CCID SC Reader 0
0003 DEBUG   Reader Initialized
0004 INFO    Connected to reader: O2Micro CCID SC Reader 0
0005 INFO    Card ATR = 3B6800000073C84011009000
0006 INFO    PPS is exchanged automatically by OS
0007 INFO    Card ATR = 3B6800000073C84011009000
0008 DEBUG   KMC ENC = 404142434445464748494A4B4C4D4E4F
0009 DEBUG   KMC MAC = 404142434445464748494A4B4C4D4E4F
0010 DEBUG   KMC KEK = 404142434445464748494A4B4C4D4E4F
0011 INFO    send: 00A4040008A000000003000000 [3S]
0012 INFO    Recv: 6112  
0013 INFO    send: 00C0000012 [2S]
0014 INFO    Recv: 9000 6F108408A000000003000000A5049F6501FF 
0015 INFO    CM AID is A000000003000000 selected!
0016 DEBUG   key_derivation_type = 0
0017 DEBUG   Random = 32ba2bf50e6ca987
0018 INFO    send: 805000000832BA2BF50E6CA987 [3S]
0019 INFO    Recv: 611C  
0020 INFO    send: 00C000001C [2S]
0021 INFO    Recv: 9000 000033320108435F192301020003B500CF85241E35FE4CE44E05CDE2 
0022 DEBUG   Key Version (Hex) = 01
0023 DEBUG   SCP Major Version (Hex) = 02
0024 WARNING Overriding SCP version: card reports 2 but user requested 8
0025 DEBUG   Card Challenge = 0003B500CF85241E
0026 DEBUG   Card Cryptogram = 35FE4CE44E05CDE2
0027 DEBUG   Not doing key diversification
0028 DEBUG   SCP02 dersification data ENC = 01820003000000000000000000000000
0029 DEBUG   SCP02 dersification data MAC = 01010003000000000000000000000000
0030 DEBUG   SCP02 dersification data KEK = 01810003000000000000000000000000
0031 DEBUG   SCP02 Session Key ENC = C39AC2D18F94A22B14C04DBB8CF69B7F
0032 DEBUG   SCP02 Session Key MAC = D527FB5519C316C9C876E016D80BAEBA
0033 DEBUG   SCP02 Session Key KEK = F5352F994F0CAE5DB807D08AE3E055DB
0034 DEBUG   Computed MAC = A4EF5AFC1FBACE732C8AFCB2A3FA9FB835FE4CE44E05CDE2
0035 DEBUG   diversification data EMV = 0108435F1923F0010108435F19230F01
0036 DEBUG   diversification data EMV = 0108435F1923F0020108435F19230F02
0037 DEBUG   diversification data EMV = 0108435F1923F0030108435F19230F03
0038 INFO    send: 00A4040008A000000003000000 [3S]
0039 INFO    Recv: 6112  
0040 INFO    send: 00C0000012 [2S]
0041 INFO    Recv: 9000 6F108408A000000003000000A5049F6501FF 
0042 INFO    CM AID is A000000003000000 selected!
0043 DEBUG   key_derivation_type = 0
0044 DEBUG   Random = 32ba2bf50e6ca987
0045 INFO    send: 805000000832BA2BF50E6CA987 [3S]
0046 INFO    Recv: 611C  
0047 INFO    send: 00C000001C [2S]
0048 INFO    Recv: 9000 000033320108435F192301020003B500CF85241E35FE4CE44E05CDE2 
0049 DEBUG   Key Version (Hex) = 01
0050 DEBUG   SCP Major Version (Hex) = 02
0051 WARNING Overriding SCP version: card reports 2 but user requested 8
0052 DEBUG   Card Challenge = 0003B500CF85241E
0053 DEBUG   Card Cryptogram = 35FE4CE44E05CDE2
0054 DEBUG   Not doing key diversification
0055 DEBUG   SCP02 dersification data ENC = 01820003000000000000000000000000
0056 DEBUG   SCP02 dersification data MAC = 01010003000000000000000000000000
0057 DEBUG   SCP02 dersification data KEK = 01810003000000000000000000000000
0058 DEBUG   SCP02 Session Key ENC = C39AC2D18F94A22B14C04DBB8CF69B7F
0059 DEBUG   SCP02 Session Key MAC = D527FB5519C316C9C876E016D80BAEBA
0060 DEBUG   SCP02 Session Key KEK = F5352F994F0CAE5DB807D08AE3E055DB
0061 DEBUG   Computed MAC = A4EF5AFC1FBACE732C8AFCB2A3FA9FB835FE4CE44E05CDE2
0062 DEBUG   Computed MAC = DEDAF49A2BC76F801C093CABA6F328C61A40DF4E1F76FB5F
0063 DEBUG   apdu =  84820000101A40DF4E1F76FB5F
0064 DEBUG   C_MAC =  41834E08CD8C8964
0065 INFO    send: 84820000101A40DF4E1F76FB5F41834E08CD8C8964 [3S]
0066 INFO    Recv: 9000  
0067 DEBUG   P1 = CARD_KEY_VERSION = 1
0068 DEBUG   keyDes2 404142434445464748494A4B4C4D4E4F
0069 DEBUG   keyDes2 404142434445464748494A4B4C4D4E4F
0070 DEBUG   keyDes2 404142434445464748494A4B4C4D4E4F
0071 DEBUG   encodedKeyData 01801050E54491BDFD17A8F1A223A52D39BFA1038BAF47801050E54491BDFD17A8F1A223A52D39BFA1038BAF47801050E54491BDFD17A8F1A223A52D39BFA1038BAF47
0072 DEBUG   GP_APDU_MODE = 0
0073 INFO    send: 80D801814301801050E54491BDFD17A8F1A223A52D39BFA1038BAF47801050E54491BDFD17A8F1A223A52D39BFA1038BAF47801050E54491BDFD17A8F1A223A52D39BFA1038BAF47 [3S]
0074 INFO    Recv: 610A  
0075 INFO    send: 00C000000A [2S]
0076 INFO    Recv: 9000 018BAF478BAF478BAF47 
0077 INFO    Reader disconnected!
log ends: Mon Feb  6 12:00:23 2017

.\log\GpChangeKeyCPS.log log start: Mon Feb  6 12:00:40 2017
0000 DEBUG   Changed the voltage
0001 DEBUG   Timeout was set
0002 DEBUG   Available readers = O2Micro CCID SC Reader 0
0003 DEBUG   Reader Initialized
0004 INFO    Connected to reader: O2Micro CCID SC Reader 0
0005 INFO    Card ATR = 3B6800000073C84011009000
0006 INFO    PPS is exchanged automatically by OS
0007 INFO    Card ATR = 3B6800000073C84011009000
0008 DEBUG   KMC ENC = 404142434445464748494A4B4C4D4E4F
0009 DEBUG   KMC MAC = 404142434445464748494A4B4C4D4E4F
0010 DEBUG   KMC KEK = 404142434445464748494A4B4C4D4E4F
0011 INFO    send: 00A4040008A000000003000000 [3S]
0012 INFO    Recv: 6112  
0013 INFO    send: 00C0000012 [2S]
0014 INFO    Recv: 9000 6F108408A000000003000000A5049F6501FF 
0015 INFO    CM AID is A000000003000000 selected!
0016 DEBUG   key_derivation_type = 0
0017 DEBUG   Random = 02f2d51ec3d0bb26
0018 INFO    send: 805000000802F2D51EC3D0BB26 [3S]
0019 INFO    Recv: 611C  
0020 INFO    send: 00C000001C [2S]
0021 INFO    Recv: 9000 000033320108435F1923010200016C7FFC113FB9E388A2A3C3D065BB 
0022 DEBUG   Key Version (Hex) = 01
0023 DEBUG   SCP Major Version (Hex) = 02
0024 WARNING Overriding SCP version: card reports 2 but user requested 8
0025 DEBUG   Card Challenge = 00016C7FFC113FB9
0026 DEBUG   Card Cryptogram = E388A2A3C3D065BB
0027 DEBUG   Not doing key diversification
0028 DEBUG   SCP02 dersification data ENC = 01820001000000000000000000000000
0029 DEBUG   SCP02 dersification data MAC = 01010001000000000000000000000000
0030 DEBUG   SCP02 dersification data KEK = 01810001000000000000000000000000
0031 DEBUG   SCP02 Session Key ENC = 25C9794A1205FF244F5FA0378D2F8D59
0032 DEBUG   SCP02 Session Key MAC = 9BED98891580C3B245FE9EC58BFA8D2A
0033 DEBUG   SCP02 Session Key KEK = 0E51FDF196141F227A57BD154012FD39
0034 DEBUG   Computed MAC = FB63006823D9B2FD33B1299D39E89ABAE388A2A3C3D065BB
0035 DEBUG   diversification data EMV = 0108435F1923F0010108435F19230F01
0036 DEBUG   diversification data EMV = 0108435F1923F0020108435F19230F02
0037 DEBUG   diversification data EMV = 0108435F1923F0030108435F19230F03
0038 INFO    send: 00A4040008A000000003000000 [3S]
0039 INFO    Recv: 6112  
0040 INFO    send: 00C0000012 [2S]
0041 INFO    Recv: 9000 6F108408A000000003000000A5049F6501FF 
0042 INFO    CM AID is A000000003000000 selected!
0043 DEBUG   key_derivation_type = 0
0044 DEBUG   Random = 8dae263ddbb93df6
0045 INFO    send: 80500000088DAE263DDBB93DF6 [3S]
0046 INFO    Recv: 611C  
0047 INFO    send: 00C000001C [2S]
0048 INFO    Recv: 9000 000033320108435F1923010200016C7FFC113FB9BF557BC05A59E00B 
0049 DEBUG   Key Version (Hex) = 01
0050 DEBUG   SCP Major Version (Hex) = 02
0051 WARNING Overriding SCP version: card reports 2 but user requested 8
0052 DEBUG   Card Challenge = 00016C7FFC113FB9
0053 DEBUG   Card Cryptogram = BF557BC05A59E00B
0054 DEBUG   Not doing key diversification
0055 DEBUG   SCP02 dersification data ENC = 01820001000000000000000000000000
0056 DEBUG   SCP02 dersification data MAC = 01010001000000000000000000000000
0057 DEBUG   SCP02 dersification data KEK = 01810001000000000000000000000000
0058 DEBUG   SCP02 Session Key ENC = 25C9794A1205FF244F5FA0378D2F8D59
0059 DEBUG   SCP02 Session Key MAC = 9BED98891580C3B245FE9EC58BFA8D2A
0060 DEBUG   SCP02 Session Key KEK = 0E51FDF196141F227A57BD154012FD39
0061 DEBUG   Computed MAC = 66F626270E9F327C0EEA812DF9834776BF557BC05A59E00B
0062 DEBUG   Computed MAC = 3A185686D6FBFCFB7ED723FA8FDCC6E1423CBFB1A7471B46
0063 DEBUG   apdu =  8482000010423CBFB1A7471B46
0064 DEBUG   C_MAC =  7B08543B2403ADE7
0065 INFO    send: 8482000010423CBFB1A7471B467B08543B2403ADE7 [3S]
0066 INFO    Recv: 9000  
0067 DEBUG   P1 = CARD_KEY_VERSION = 1
0068 DEBUG   keyDes2 404142434445464748494A4B4C4D4E4F
0069 DEBUG   keyDes2 404142434445464748494A4B4C4D4E4F
0070 DEBUG   keyDes2 404142434445464748494A4B4C4D4E4F
0071 DEBUG   encodedKeyData 0180101FD6135BC0D14563D7A2D0C34DA692A8038BAF4780101FD6135BC0D14563D7A2D0C34DA692A8038BAF4780101FD6135BC0D14563D7A2D0C34DA692A8038BAF47
0072 DEBUG   GP_APDU_MODE = 0
0073 INFO    send: 80D80181430180101FD6135BC0D14563D7A2D0C34DA692A8038BAF4780101FD6135BC0D14563D7A2D0C34DA692A8038BAF4780101FD6135BC0D14563D7A2D0C34DA692A8038BAF47 [3S]
0074 INFO    Recv: 610A  
0075 INFO    send: 00C000000A [2S]
0076 INFO    Recv: 9000 018BAF478BAF478BAF47 
0077 INFO    Reader disconnected!
log ends: Mon Feb  6 12:00:41 2017

.\log\GpChangeKeyCPS.log log start: Mon Feb  6 12:00:52 2017
0000 DEBUG   Changed the voltage
0001 DEBUG   Timeout was set
0002 DEBUG   Available readers = O2Micro CCID SC Reader 0
0003 DEBUG   Reader Initialized
0004 INFO    Connected to reader: O2Micro CCID SC Reader 0
0005 INFO    Card ATR = 3B6800000073C84011009000
0006 INFO    PPS is exchanged automatically by OS
0007 INFO    Card ATR = 3B6800000073C84011009000
0008 DEBUG   KMC ENC = 404142434445464748494A4B4C4D4E4F
0009 DEBUG   KMC MAC = 404142434445464748494A4B4C4D4E4F
0010 DEBUG   KMC KEK = 404142434445464748494A4B4C4D4E4F
0011 INFO    send: 00A4040008A000000003000000 [3S]
0012 INFO    Recv: 6112  
0013 INFO    send: 00C0000012 [2S]
0014 INFO    Recv: 9000 6F108408A000000003000000A5049F6501FF 
0015 INFO    CM AID is A000000003000000 selected!
0016 DEBUG   key_derivation_type = 0
0017 DEBUG   Random = 8cc29c8ee7bec7e5
0018 INFO    send: 80500000088CC29C8EE7BEC7E5 [3S]
0019 INFO    Recv: 611C  
0020 INFO    send: 00C000001C [2S]
0021 INFO    Recv: 9000 000033320108435F1923010200003D029C31C7896BA8558C5FBABF3A 
0022 DEBUG   Key Version (Hex) = 01
0023 DEBUG   SCP Major Version (Hex) = 02
0024 WARNING Overriding SCP version: card reports 2 but user requested 8
0025 DEBUG   Card Challenge = 00003D029C31C789
0026 DEBUG   Card Cryptogram = 6BA8558C5FBABF3A
0027 DEBUG   Not doing key diversification
0028 DEBUG   SCP02 dersification data ENC = 01820000000000000000000000000000
0029 DEBUG   SCP02 dersification data MAC = 01010000000000000000000000000000
0030 DEBUG   SCP02 dersification data KEK = 01810000000000000000000000000000
0031 DEBUG   SCP02 Session Key ENC = 010B0371D78377B801F2D62AFC671D95
0032 DEBUG   SCP02 Session Key MAC = D1C28C601652A4770D67AD82D2D2E1C4
0033 DEBUG   SCP02 Session Key KEK = E11987EE331B417A5D67D760692F89D4
0034 DEBUG   Computed MAC = 005947E7DF39C5EA1AF4F5048ECA84F16BA8558C5FBABF3A
0035 DEBUG   diversification data EMV = 0108435F1923F0010108435F19230F01
0036 DEBUG   diversification data EMV = 0108435F1923F0020108435F19230F02
0037 DEBUG   diversification data EMV = 0108435F1923F0030108435F19230F03
0038 INFO    send: 00A4040008A000000003000000 [3S]
0039 INFO    Recv: 6112  
0040 INFO    send: 00C0000012 [2S]
0041 INFO    Recv: 9000 6F108408A000000003000000A5049F6501FF 
0042 INFO    CM AID is A000000003000000 selected!
0043 DEBUG   key_derivation_type = 0
0044 DEBUG   Random = 8cc29c8ee7bec7e5
0045 INFO    send: 80500000088CC29C8EE7BEC7E5 [3S]
0046 INFO    Recv: 611C  
0047 INFO    send: 00C000001C [2S]
0048 INFO    Recv: 9000 000033320108435F1923010200003D029C31C7896BA8558C5FBABF3A 
0049 DEBUG   Key Version (Hex) = 01
0050 DEBUG   SCP Major Version (Hex) = 02
0051 WARNING Overriding SCP version: card reports 2 but user requested 8
0052 DEBUG   Card Challenge = 00003D029C31C789
0053 DEBUG   Card Cryptogram = 6BA8558C5FBABF3A
0054 DEBUG   Not doing key diversification
0055 DEBUG   SCP02 dersification data ENC = 01820000000000000000000000000000
0056 DEBUG   SCP02 dersification data MAC = 01010000000000000000000000000000
0057 DEBUG   SCP02 dersification data KEK = 01810000000000000000000000000000
0058 DEBUG   SCP02 Session Key ENC = 010B0371D78377B801F2D62AFC671D95
0059 DEBUG   SCP02 Session Key MAC = D1C28C601652A4770D67AD82D2D2E1C4
0060 DEBUG   SCP02 Session Key KEK = E11987EE331B417A5D67D760692F89D4
0061 DEBUG   Computed MAC = 005947E7DF39C5EA1AF4F5048ECA84F16BA8558C5FBABF3A
0062 DEBUG   Computed MAC = 40F57BE3E8BE5DEABFBC3F444C6E4E9FAF0B0BED9F8D7FF4
0063 DEBUG   apdu =  8482000010AF0B0BED9F8D7FF4
0064 DEBUG   C_MAC =  482AD09C75F3D2C5
0065 INFO    send: 8482000010AF0B0BED9F8D7FF4482AD09C75F3D2C5 [3S]
0066 INFO    Recv: 9000  
0067 DEBUG   P1 = CARD_KEY_VERSION = 1
0068 DEBUG   keyDes2 404142434445464748494A4B4C4D4E4F
0069 DEBUG   keyDes2 404142434445464748494A4B4C4D4E4F
0070 DEBUG   keyDes2 404142434445464748494A4B4C4D4E4F
0071 DEBUG   encodedKeyData 018010EFBEE6C6D99D7B70BDE9D7E927F020AF038BAF478010EFBEE6C6D99D7B70BDE9D7E927F020AF038BAF478010EFBEE6C6D99D7B70BDE9D7E927F020AF038BAF47
0072 DEBUG   GP_APDU_MODE = 0
0073 INFO    send: 80D8018143018010EFBEE6C6D99D7B70BDE9D7E927F020AF038BAF478010EFBEE6C6D99D7B70BDE9D7E927F020AF038BAF478010EFBEE6C6D99D7B70BDE9D7E927F020AF038BAF47 [3S]
0074 INFO    Recv: 610A  
0075 INFO    send: 00C000000A [2S]
0076 INFO    Recv: 9000 018BAF478BAF478BAF47 
0077 INFO    Reader disconnected!
log ends: Mon Feb  6 12:00:52 2017

.\log\GpChangeKeyCPS.log log start: Mon Feb  6 12:01:44 2017
0000 DEBUG   Changed the voltage
0001 DEBUG   Timeout was set
0002 DEBUG   Available readers = O2Micro CCID SC Reader 0
0003 DEBUG   Reader Initialized
0004 INFO    Connected to reader: O2Micro CCID SC Reader 0
0005 INFO    Card ATR = 3B6800000073C84011009000
0006 INFO    PPS is exchanged automatically by OS
0007 INFO    Card ATR = 3B6800000073C84011009000
0008 DEBUG   KMC ENC = 404142434445464748494A4B4C4D4E4F
0009 DEBUG   KMC MAC = 404142434445464748494A4B4C4D4E4F
0010 DEBUG   KMC KEK = 404142434445464748494A4B4C4D4E4F
0011 INFO    send: 00A4040008A000000003000000 [3S]
0012 INFO    Recv: 6112  
0013 INFO    send: 00C0000012 [2S]
0014 INFO    Recv: 9000 6F108408A000000003000000A5049F6501FF 
0015 INFO    CM AID is A000000003000000 selected!
0016 DEBUG   key_derivation_type = 0
0017 DEBUG   Random = 71ad4be8ef027cf4
0018 INFO    send: 805000000871AD4BE8EF027CF4 [3S]
0019 INFO    Recv: 611C  
0020 INFO    send: 00C000001C [2S]
0021 INFO    Recv: 9000 000033320108435F192301020004B1B79602B1CB5D8DB5CE08B42BBA 
0022 DEBUG   Key Version (Hex) = 01
0023 DEBUG   SCP Major Version (Hex) = 02
0024 WARNING Overriding SCP version: card reports 2 but user requested 8
0025 DEBUG   Card Challenge = 0004B1B79602B1CB
0026 DEBUG   Card Cryptogram = 5D8DB5CE08B42BBA
0027 DEBUG   Not doing key diversification
0028 DEBUG   SCP02 dersification data ENC = 01820004000000000000000000000000
0029 DEBUG   SCP02 dersification data MAC = 01010004000000000000000000000000
0030 DEBUG   SCP02 dersification data KEK = 01810004000000000000000000000000
0031 DEBUG   SCP02 Session Key ENC = A9875ADFB0F8402FB6F7DBF7F75FFAFA
0032 DEBUG   SCP02 Session Key MAC = C8F6243ECF0DF436AF901514F65C7EF9
0033 DEBUG   SCP02 Session Key KEK = 9173A79C237D68991B6BBAF5DC2762B6
0034 DEBUG   Computed MAC = 61F00E3FCCF8313969DF89BFDA7565015D8DB5CE08B42BBA
0035 DEBUG   diversification data EMV = 0108435F1923F0010108435F19230F01
0036 DEBUG   diversification data EMV = 0108435F1923F0020108435F19230F02
0037 DEBUG   diversification data EMV = 0108435F1923F0030108435F19230F03
0038 INFO    send: 00A4040008A000000003000000 [3S]
0039 INFO    Recv: 6112  
0040 INFO    send: 00C0000012 [2S]
0041 INFO    Recv: 9000 6F108408A000000003000000A5049F6501FF 
0042 INFO    CM AID is A000000003000000 selected!
0043 DEBUG   key_derivation_type = 0
0044 DEBUG   Random = 71ad4be8ef027cf4
0045 INFO    send: 805000000871AD4BE8EF027CF4 [3S]
0046 INFO    Recv: 611C  
0047 INFO    send: 00C000001C [2S]
0048 INFO    Recv: 9000 000033320108435F192301020004B1B79602B1CB5D8DB5CE08B42BBA 
0049 DEBUG   Key Version (Hex) = 01
0050 DEBUG   SCP Major Version (Hex) = 02
0051 WARNING Overriding SCP version: card reports 2 but user requested 8
0052 DEBUG   Card Challenge = 0004B1B79602B1CB
0053 DEBUG   Card Cryptogram = 5D8DB5CE08B42BBA
0054 DEBUG   Not doing key diversification
0055 DEBUG   SCP02 dersification data ENC = 01820004000000000000000000000000
0056 DEBUG   SCP02 dersification data MAC = 01010004000000000000000000000000
0057 DEBUG   SCP02 dersification data KEK = 01810004000000000000000000000000
0058 DEBUG   SCP02 Session Key ENC = A9875ADFB0F8402FB6F7DBF7F75FFAFA
0059 DEBUG   SCP02 Session Key MAC = C8F6243ECF0DF436AF901514F65C7EF9
0060 DEBUG   SCP02 Session Key KEK = 9173A79C237D68991B6BBAF5DC2762B6
0061 DEBUG   Computed MAC = 61F00E3FCCF8313969DF89BFDA7565015D8DB5CE08B42BBA
0062 DEBUG   Computed MAC = 5AB53011D364FFCA6B0F75EA5B456A10B2A127B1A43C0BB6
0063 DEBUG   apdu =  8482000010B2A127B1A43C0BB6
0064 DEBUG   C_MAC =  F7FC2937DEBB4747
0065 INFO    send: 8482000010B2A127B1A43C0BB6F7FC2937DEBB4747 [3S]
0066 INFO    Recv: 9000  
0067 DEBUG   P1 = CARD_KEY_VERSION = 1
0068 DEBUG   keyDes2 404142434445464748494A4B4C4D4E4F
0069 DEBUG   keyDes2 404142434445464748494A4B4C4D4E4F
0070 DEBUG   keyDes2 404142434445464748494A4B4C4D4E4F
0071 DEBUG   encodedKeyData 0180105936DFEFC059BC7AA1864C03906487FB038BAF4780105936DFEFC059BC7AA1864C03906487FB038BAF4780105936DFEFC059BC7AA1864C03906487FB038BAF47
0072 DEBUG   GP_APDU_MODE = 0
0073 INFO    send: 80D80181430180105936DFEFC059BC7AA1864C03906487FB038BAF4780105936DFEFC059BC7AA1864C03906487FB038BAF4780105936DFEFC059BC7AA1864C03906487FB038BAF47 [3S]
0074 INFO    Recv: 610A  
0075 INFO    send: 00C000000A [2S]
0076 INFO    Recv: 9000 018BAF478BAF478BAF47 
0077 INFO    Reader disconnected!
log ends: Mon Feb  6 12:01:45 2017

.\log\GpChangeKeyCPS.log log start: Mon Feb  6 12:02:27 2017
0000 DEBUG   Changed the voltage
0001 DEBUG   Timeout was set
0002 DEBUG   Available readers = O2Micro CCID SC Reader 0
0003 DEBUG   Reader Initialized
0004 INFO    Connected to reader: O2Micro CCID SC Reader 0
0005 INFO    Card ATR = 3B6800000073C84011009000
0006 INFO    PPS is exchanged automatically by OS
0007 INFO    Card ATR = 3B6800000073C84011009000
0008 DEBUG   KMC ENC = 404142434445464748494A4B4C4D4E4F
0009 DEBUG   KMC MAC = 404142434445464748494A4B4C4D4E4F
0010 DEBUG   KMC KEK = 404142434445464748494A4B4C4D4E4F
0011 INFO    send: 00A4040008A000000003000000 [3S]
0012 INFO    Recv: 6112  
0013 INFO    send: 00C0000012 [2S]
0014 INFO    Recv: 9000 6F108408A000000003000000A5049F6501FF 
0015 INFO    CM AID is A000000003000000 selected!
0016 DEBUG   key_derivation_type = 0
0017 DEBUG   Random = 578583f0ed42a613
0018 INFO    send: 8050000008578583F0ED42A613 [3S]
0019 INFO    Recv: 611C  
0020 INFO    send: 00C000001C [2S]
0021 INFO    Recv: 9000 000033320108435F1923010200003D029C31C789C25EF788F03D6838 
0022 DEBUG   Key Version (Hex) = 01
0023 DEBUG   SCP Major Version (Hex) = 02
0024 WARNING Overriding SCP version: card reports 2 but user requested 8
0025 DEBUG   Card Challenge = 00003D029C31C789
0026 DEBUG   Card Cryptogram = C25EF788F03D6838
0027 DEBUG   Not doing key diversification
0028 DEBUG   SCP02 dersification data ENC = 01820000000000000000000000000000
0029 DEBUG   SCP02 dersification data MAC = 01010000000000000000000000000000
0030 DEBUG   SCP02 dersification data KEK = 01810000000000000000000000000000
0031 DEBUG   SCP02 Session Key ENC = 010B0371D78377B801F2D62AFC671D95
0032 DEBUG   SCP02 Session Key MAC = D1C28C601652A4770D67AD82D2D2E1C4
0033 DEBUG   SCP02 Session Key KEK = E11987EE331B417A5D67D760692F89D4
0034 DEBUG   Computed MAC = E99B5F503E7BBB60E71B324C330FBA40C25EF788F03D6838
0035 DEBUG   diversification data EMV = 0108435F1923F0010108435F19230F01
0036 DEBUG   diversification data EMV = 0108435F1923F0020108435F19230F02
0037 DEBUG   diversification data EMV = 0108435F1923F0030108435F19230F03
0038 INFO    Reader disconnected!
log ends: Mon Feb  6 12:02:27 2017

.\log\GpChangeKeyCPS.log log start: Mon Feb  6 12:27:22 2017
0000 DEBUG   Changed the voltage
0001 DEBUG   Timeout was set
0002 DEBUG   Available readers = O2Micro CCID SC Reader 0
0003 DEBUG   Reader Initialized
0004 INFO    Connected to reader: O2Micro CCID SC Reader 0
0005 INFO    Card ATR = 3B6800000073C84011009000
0006 INFO    PPS is exchanged automatically by OS
0007 INFO    Card ATR = 3B6800000073C84011009000
0008 DEBUG   KMC ENC = 404142434445464748494A4B4C4D4E4F
0009 DEBUG   KMC MAC = 404142434445464748494A4B4C4D4E4F
0010 DEBUG   KMC KEK = 404142434445464748494A4B4C4D4E4F
0011 INFO    send: 00A4040008A000000003000000 [3S]
0012 INFO    Recv: 6112  
0013 INFO    send: 00C0000012 [2S]
0014 INFO    Recv: 9000 6F108408A000000003000000A5049F6501FF 
0015 INFO    CM AID is A000000003000000 selected!
0016 DEBUG   key_derivation_type = 0
0017 DEBUG   Random = 5d8908ba05bc0f73
0018 INFO    send: 80500000085D8908BA05BC0F73 [3S]
0019 INFO    Recv: 611C  
0020 INFO    send: 00C000001C [2S]
0021 INFO    Recv: 9000 000033320108435F1923010200016C7FFC113FB958574075829CF293 
0022 DEBUG   Key Version (Hex) = 01
0023 DEBUG   SCP Major Version (Hex) = 02
0024 WARNING Overriding SCP version: card reports 2 but user requested 8
0025 DEBUG   Card Challenge = 00016C7FFC113FB9
0026 DEBUG   Card Cryptogram = 58574075829CF293
0027 DEBUG   Not doing key diversification
0028 DEBUG   SCP02 dersification data ENC = 01820001000000000000000000000000
0029 DEBUG   SCP02 dersification data MAC = 01010001000000000000000000000000
0030 DEBUG   SCP02 dersification data KEK = 01810001000000000000000000000000
0031 DEBUG   SCP02 Session Key ENC = 25C9794A1205FF244F5FA0378D2F8D59
0032 DEBUG   SCP02 Session Key MAC = 9BED98891580C3B245FE9EC58BFA8D2A
0033 DEBUG   SCP02 Session Key KEK = 0E51FDF196141F227A57BD154012FD39
0034 DEBUG   Computed MAC = 8D139E45EE461CC3F8D5E13F7D5C5D6D58574075829CF293
0035 DEBUG   diversification data EMV = 0108435F1923F0010108435F19230F01
0036 DEBUG   diversification data EMV = 0108435F1923F0020108435F19230F02
0037 DEBUG   diversification data EMV = 0108435F1923F0030108435F19230F03
0038 INFO    Reader disconnected!
log ends: Mon Feb  6 12:29:10 2017

.\log\GpChangeKeyCPS.log log start: Mon Feb  6 12:29:39 2017
0000 DEBUG   Changed the voltage
0001 DEBUG   Timeout was set
0002 DEBUG   Available readers = O2Micro CCID SC Reader 0
0003 DEBUG   Reader Initialized
0004 INFO    Connected to reader: O2Micro CCID SC Reader 0
0005 INFO    Card ATR = 3B6800000073C84011009000
0006 INFO    PPS is exchanged automatically by OS
0007 INFO    Card ATR = 3B6800000073C84011009000
0008 DEBUG   KMC ENC = 404142434445464748494A4B4C4D4E4F
0009 DEBUG   KMC MAC = 404142434445464748494A4B4C4D4E4F
0010 DEBUG   KMC KEK = 404142434445464748494A4B4C4D4E4F
0011 INFO    send: 00A4040008A000000003000000 [3S]
0012 INFO    Recv: 6112  
0013 INFO    send: 00C0000012 [2S]
0014 INFO    Recv: 9000 6F108408A000000003000000A5049F6501FF 
0015 INFO    CM AID is A000000003000000 selected!
0016 DEBUG   key_derivation_type = 0
0017 DEBUG   Random = 10fc3a82f07701de
0018 INFO    send: 805000000810FC3A82F07701DE [3S]
0019 INFO    Recv: 611C  
0020 INFO    send: 00C000001C [2S]
0021 INFO    Recv: 9000 000033320108435F1923010200016C7FFC113FB92DBDB89C693BA0CB 
0022 DEBUG   Key Version (Hex) = 01
0023 DEBUG   SCP Major Version (Hex) = 02
0024 WARNING Overriding SCP version: card reports 2 but user requested 8
0025 DEBUG   Card Challenge = 00016C7FFC113FB9
0026 DEBUG   Card Cryptogram = 2DBDB89C693BA0CB
0027 DEBUG   Not doing key diversification
0028 DEBUG   SCP02 dersification data ENC = 01820001000000000000000000000000
0029 DEBUG   SCP02 dersification data MAC = 01010001000000000000000000000000
0030 DEBUG   SCP02 dersification data KEK = 01810001000000000000000000000000
0031 DEBUG   SCP02 Session Key ENC = 25C9794A1205FF244F5FA0378D2F8D59
0032 DEBUG   SCP02 Session Key MAC = 9BED98891580C3B245FE9EC58BFA8D2A
0033 DEBUG   SCP02 Session Key KEK = 0E51FDF196141F227A57BD154012FD39
0034 DEBUG   Computed MAC = 1FEC082AC44E5C75079DB315BE0103E92DBDB89C693BA0CB
0035 DEBUG   diversification data EMV = 0108435F1923F0010108435F19230F01
.\log\GpChangeKeyCPS.log log start: Mon Feb  6 12:49:01 2017
0000 DEBUG   Changed the voltage
0001 DEBUG   Timeout was set
0002 DEBUG   Available readers = O2Micro CCID SC Reader 0
0003 DEBUG   Reader Initialized
0004 INFO    Connected to reader: O2Micro CCID SC Reader 0
0005 INFO    Card ATR = 3B6800000073C84011009000
0006 INFO    PPS is exchanged automatically by OS
0007 INFO    Card ATR = 3B6800000073C84011009000
0008 DEBUG   KMC ENC = 404142434445464748494A4B4C4D4E4F
0009 DEBUG   KMC MAC = 404142434445464748494A4B4C4D4E4F
0010 DEBUG   KMC KEK = 404142434445464748494A4B4C4D4E4F
0011 INFO    send: 00A4040008A000000003000000 [3S]
0012 INFO    Recv: 6112  
0013 INFO    send: 00C0000012 [2S]
0014 INFO    Recv: 9000 6F108408A000000003000000A5049F6501FF 
0015 INFO    CM AID is A000000003000000 selected!
0016 DEBUG   key_derivation_type = 0
0017 DEBUG   Random = 8c4fffc150a887da
0018 INFO    send: 80500000088C4FFFC150A887DA [3S]
0019 INFO    Recv: 611C  
0020 INFO    send: 00C000001C [2S]
0021 INFO    Recv: 9000 000033320108435F1923010200016C7FFC113FB93A7BA4801B24B6D0 
0022 DEBUG   Key Version (Hex) = 01
0023 DEBUG   SCP Major Version (Hex) = 02
0024 WARNING Overriding SCP version: card reports 2 but user requested 8
0025 DEBUG   Card Challenge = 00016C7FFC113FB9
0026 DEBUG   Card Cryptogram = 3A7BA4801B24B6D0
0027 DEBUG   Not doing key diversification
0028 DEBUG   SCP02 dersification data ENC = 01820001000000000000000000000000
0029 DEBUG   SCP02 dersification data MAC = 01010001000000000000000000000000
0030 DEBUG   SCP02 dersification data KEK = 01810001000000000000000000000000
0031 DEBUG   SCP02 Session Key ENC = 25C9794A1205FF244F5FA0378D2F8D59
0032 DEBUG   SCP02 Session Key MAC = 9BED98891580C3B245FE9EC58BFA8D2A
0033 DEBUG   SCP02 Session Key KEK = 0E51FDF196141F227A57BD154012FD39
0034 DEBUG   Computed MAC = D4630DEC6D0218C3BEA928471DC2D9A83A7BA4801B24B6D0
0035 DEBUG   diversification data EMV = 0108435F1923F0010108435F19230F01
.\log\GpChangeKeyCPS.log log start: Mon Feb  6 12:50:08 2017
0000 DEBUG   Changed the voltage
0001 DEBUG   Timeout was set
0002 DEBUG   Available readers = O2Micro CCID SC Reader 0
0003 DEBUG   Reader Initialized
0004 INFO    Connected to reader: O2Micro CCID SC Reader 0
0005 INFO    Card ATR = 3B6800000073C84011009000
0006 INFO    PPS is exchanged automatically by OS
0007 INFO    Card ATR = 3B6800000073C84011009000
0008 DEBUG   KMC ENC = 404142434445464748494A4B4C4D4E4F
0009 DEBUG   KMC MAC = 404142434445464748494A4B4C4D4E4F
0010 DEBUG   KMC KEK = 404142434445464748494A4B4C4D4E4F
0011 INFO    send: 00A4040008A000000003000000 [3S]
0012 INFO    Recv: 6112  
0013 INFO    send: 00C0000012 [2S]
0014 INFO    Recv: 9000 6F108408A000000003000000A5049F6501FF 
0015 INFO    CM AID is A000000003000000 selected!
0016 DEBUG   key_derivation_type = 0
0017 DEBUG   Random = 148217c9adac4a48
0018 INFO    send: 8050000008148217C9ADAC4A48 [3S]
0019 INFO    Recv: 611C  
0020 INFO    send: 00C000001C [2S]
0021 INFO    Recv: 9000 000033320108435F1923010200016C7FFC113FB96CAA4F6148C40568 
0022 DEBUG   Key Version (Hex) = 01
0023 DEBUG   SCP Major Version (Hex) = 02
0024 WARNING Overriding SCP version: card reports 2 but user requested 8
0025 DEBUG   Card Challenge = 00016C7FFC113FB9
0026 DEBUG   Card Cryptogram = 6CAA4F6148C40568
0027 DEBUG   Not doing key diversification
0028 DEBUG   SCP02 dersification data ENC = 01820001000000000000000000000000
0029 DEBUG   SCP02 dersification data MAC = 01010001000000000000000000000000
0030 DEBUG   SCP02 dersification data KEK = 01810001000000000000000000000000
0031 DEBUG   SCP02 Session Key ENC = 25C9794A1205FF244F5FA0378D2F8D59
0032 DEBUG   SCP02 Session Key MAC = 9BED98891580C3B245FE9EC58BFA8D2A
0033 DEBUG   SCP02 Session Key KEK = 0E51FDF196141F227A57BD154012FD39
0034 DEBUG   Computed MAC = 2B6878F078CB40A0604CF16527F3178D6CAA4F6148C40568
0035 DEBUG   diversification data EMV = 0108435F1923F0010108435F19230F01
.\log\GpChangeKeyCPS.log log start: Mon Feb  6 12:56:20 2017
0000 DEBUG   Changed the voltage
0001 DEBUG   Timeout was set
0002 DEBUG   Available readers = O2Micro CCID SC Reader 0
0003 DEBUG   Reader Initialized
0004 INFO    Connected to reader: O2Micro CCID SC Reader 0
0005 INFO    Card ATR = 3B6800000073C84011009000
0006 INFO    PPS is exchanged automatically by OS
0007 INFO    Card ATR = 3B6800000073C84011009000
0008 DEBUG   KMC ENC = 404142434445464748494A4B4C4D4E4F
0009 DEBUG   KMC MAC = 404142434445464748494A4B4C4D4E4F
0010 DEBUG   KMC KEK = 404142434445464748494A4B4C4D4E4F
0011 INFO    send: 00A4040008A000000003000000 [3S]
0012 INFO    Recv: 6112  
0013 INFO    send: 00C0000012 [2S]
0014 INFO    Recv: 9000 6F108408A000000003000000A5049F6501FF 
0015 INFO    CM AID is A000000003000000 selected!
0016 DEBUG   key_derivation_type = 0
0017 DEBUG   Random = e1b02f5d0371bd7c
0018 INFO    send: 8050000008E1B02F5D0371BD7C [3S]
0019 INFO    Recv: 611C  
0020 INFO    send: 00C000001C [2S]
0021 INFO    Recv: 9000 000033320108435F1923010200016C7FFC113FB97374F2E601F1AE4C 
0022 DEBUG   Key Version (Hex) = 01
0023 DEBUG   SCP Major Version (Hex) = 02
0024 WARNING Overriding SCP version: card reports 2 but user requested 8
0025 DEBUG   Card Challenge = 00016C7FFC113FB9
0026 DEBUG   Card Cryptogram = 7374F2E601F1AE4C
0027 DEBUG   Not doing key diversification
0028 DEBUG   SCP02 dersification data ENC = 01820001000000000000000000000000
0029 DEBUG   SCP02 dersification data MAC = 01010001000000000000000000000000
0030 DEBUG   SCP02 dersification data KEK = 01810001000000000000000000000000
0031 DEBUG   SCP02 Session Key ENC = 25C9794A1205FF244F5FA0378D2F8D59
0032 DEBUG   SCP02 Session Key MAC = 9BED98891580C3B245FE9EC58BFA8D2A
0033 DEBUG   SCP02 Session Key KEK = 0E51FDF196141F227A57BD154012FD39
0034 DEBUG   Computed MAC = 1A50654A1E14EEAD4A59D4D93152970B7374F2E601F1AE4C
0035 DEBUG   diversification data EMV = 0108435F1923F0010108435F19230F01
0036 DEBUG   Derived key ENC = A0444030B3A91A9BCCE317EA90D32403
0037 DEBUG   diversification data EMV = 0108435F1923F0020108435F19230F02
0038 DEBUG   Derived key MAC = 1C373178FC401806BFDD7FE0A9D5CA48
0039 DEBUG   diversification data EMV = 0108435F1923F0030108435F19230F03
0040 DEBUG   Derived key KEK = D550D80DBB700B6430703360061D9A7D
0041 INFO    Reader disconnected!
log ends: Mon Feb  6 12:56:20 2017

.\log\GpChangeKeyCPS.log log start: Mon Feb  6 12:56:49 2017
0000 DEBUG   Changed the voltage
0001 DEBUG   Timeout was set
0002 DEBUG   Available readers = O2Micro CCID SC Reader 0
0003 DEBUG   Reader Initialized
0004 INFO    Connected to reader: O2Micro CCID SC Reader 0
0005 INFO    Card ATR = 3B6800000073C84011009000
0006 INFO    PPS is exchanged automatically by OS
0007 INFO    Card ATR = 3B6800000073C84011009000
0008 DEBUG   KMC ENC = 404142434445464748494A4B4C4D4E4F
0009 DEBUG   KMC MAC = 404142434445464748494A4B4C4D4E4F
0010 DEBUG   KMC KEK = 404142434445464748494A4B4C4D4E4F
0011 INFO    send: 00A4040008A000000003000000 [3S]
0012 INFO    Recv: 6112  
0013 INFO    send: 00C0000012 [2S]
0014 INFO    Recv: 9000 6F108408A000000003000000A5049F6501FF 
0015 INFO    CM AID is A000000003000000 selected!
0016 DEBUG   key_derivation_type = 0
0017 DEBUG   Random = b0fb50d6c4d95a0b
0018 INFO    send: 8050000008B0FB50D6C4D95A0B [3S]
0019 INFO    Recv: 611C  
0020 INFO    send: 00C000001C [2S]
0021 INFO    Recv: 9000 000033320108435F1923010200016C7FFC113FB91CA2D0543F09839E 
0022 DEBUG   Key Version (Hex) = 01
0023 DEBUG   SCP Major Version (Hex) = 02
0024 WARNING Overriding SCP version: card reports 2 but user requested 8
0025 DEBUG   Card Challenge = 00016C7FFC113FB9
0026 DEBUG   Card Cryptogram = 1CA2D0543F09839E
0027 DEBUG   Not doing key diversification
0028 DEBUG   SCP02 dersification data ENC = 01820001000000000000000000000000
0029 DEBUG   SCP02 dersification data MAC = 01010001000000000000000000000000
0030 DEBUG   SCP02 dersification data KEK = 01810001000000000000000000000000
0031 DEBUG   SCP02 Session Key ENC = 25C9794A1205FF244F5FA0378D2F8D59
0032 DEBUG   SCP02 Session Key MAC = 9BED98891580C3B245FE9EC58BFA8D2A
0033 DEBUG   SCP02 Session Key KEK = 0E51FDF196141F227A57BD154012FD39
0034 DEBUG   Computed MAC = F54996F36784F98C15B6244239269BA31CA2D0543F09839E
0035 DEBUG   diversification data EMV = 0108435F1923F0010108435F19230F01
0036 DEBUG   Derived key ENC = A0444030B3A91A9BCCE317EA90D32403
0037 DEBUG   diversification data EMV = 0108435F1923F0020108435F19230F02
0038 DEBUG   Derived key MAC = 1C373178FC401806BFDD7FE0A9D5CA48
0039 DEBUG   diversification data EMV = 0108435F1923F0030108435F19230F03
0040 DEBUG   Derived key KEK = D550D80DBB700B6430703360061D9A7D
0041 INFO    send: 00A4040008A000000003000000 [3S]
0042 INFO    Recv: 6112  
0043 INFO    send: 00C0000012 [2S]
0044 INFO    Recv: 9000 6F108408A000000003000000A5049F6501FF 
0045 INFO    CM AID is A000000003000000 selected!
0046 DEBUG   key_derivation_type = 0
0047 DEBUG   Random = b0fb50d6c4d95a0b
0048 INFO    send: 8050000008B0FB50D6C4D95A0B [3S]
0049 INFO    Recv: 611C  
0050 INFO    send: 00C000001C [2S]
0051 INFO    Recv: 9000 000033320108435F1923010200016C7FFC113FB91CA2D0543F09839E 
0052 DEBUG   Key Version (Hex) = 01
0053 DEBUG   SCP Major Version (Hex) = 02
0054 WARNING Overriding SCP version: card reports 2 but user requested 8
0055 DEBUG   Card Challenge = 00016C7FFC113FB9
0056 DEBUG   Card Cryptogram = 1CA2D0543F09839E
0057 DEBUG   Not doing key diversification
0058 DEBUG   SCP02 dersification data ENC = 01820001000000000000000000000000
0059 DEBUG   SCP02 dersification data MAC = 01010001000000000000000000000000
0060 DEBUG   SCP02 dersification data KEK = 01810001000000000000000000000000
0061 DEBUG   SCP02 Session Key ENC = 25C9794A1205FF244F5FA0378D2F8D59
0062 DEBUG   SCP02 Session Key MAC = 9BED98891580C3B245FE9EC58BFA8D2A
0063 DEBUG   SCP02 Session Key KEK = 0E51FDF196141F227A57BD154012FD39
0064 DEBUG   Computed MAC = F54996F36784F98C15B6244239269BA31CA2D0543F09839E
0065 DEBUG   Computed MAC = 3A185686D6FBFCFB9747CB3FFC5CC5D31A915BC011D2D3F1
0066 DEBUG   apdu =  84820000101A915BC011D2D3F1
0067 DEBUG   C_MAC =  35AB047964F7707B
0068 INFO    send: 84820000101A915BC011D2D3F135AB047964F7707B [3S]
0069 INFO    Recv: 9000  
0070 DEBUG   P1 = CARD_KEY_VERSION = 1
0071 DEBUG   keyDes2 A0444030B3A91A9BCCE317EA90D32403
0072 DEBUG   keyDes2 1C373178FC401806BFDD7FE0A9D5CA48
0073 DEBUG   keyDes2 D550D80DBB700B6430703360061D9A7D
0074 DEBUG   encodedKeyData 018010EAF798D37DE49BEAA90FE7E2885B245D0392AFC580105930579611C5CD0300939801A1BB6A3803129B4E80105FC16A6931E08CEFFF4840CB832C5963036E6D33
0075 DEBUG   GP_APDU_MODE = 0
0076 INFO    send: 80D8018143018010EAF798D37DE49BEAA90FE7E2885B245D0392AFC580105930579611C5CD0300939801A1BB6A3803129B4E80105FC16A6931E08CEFFF4840CB832C5963036E6D33 [3S]
0077 INFO    Recv: 610A  
0078 INFO    send: 00C000000A [2S]
0079 INFO    Recv: 9000 0192AFC5129B4E6E6D33 
0080 INFO    Reader disconnected!
log ends: Mon Feb  6 12:56:50 2017

