.\log\GpReverseLog.log log start: Thu Apr  6 11:26:29 2017
0000 INFO    Host Challenge = D59477968E57579A
0001 INFO    Key Version = 01
0002 INFO    SCP Mode = 02
0003 INFO    Sequence = 0002
0004 INFO    cardChallenge6Bytes = 47584ACBCF35
0005 INFO    Card Cryptogram = 65A73BC51AAEC48C
0006 INFO    Diversification mode = NONE
0007 DEBUG   KMC ENC = 404142434445464748494A4B4C4D4E4F
0008 DEBUG   KMC MAC = 404142434445464748494A4B4C4D4E4F
0009 DEBUG   KMC KEK = 404142434445464748494A4B4C4D4E4F
0010 DEBUG   Not doing key diversification
0011 DEBUG   SCP02 dersification data ENC = 01820002000000000000000000000000
0012 DEBUG   SCP02 dersification data MAC = 01010002000000000000000000000000
0013 DEBUG   SCP02 dersification data KEK = 01810002000000000000000000000000
0014 DEBUG   SCP02 Session Key ENC = ADC1163BA2A147FBB84BF44C8676FB7D
0015 DEBUG   SCP02 Session Key MAC = 3E06B1C8FCFD788A573B9A9889D0CA50
0016 DEBUG   SCP02 Session Key KEK = FC01096B6DB13ADEE0D4CB61D03FD3AA
0017 INFO    cntx = D59477968E57579A000247584ACBCF35
0018 DEBUG   Computed MAC = A329B0700F30760081C16ECFD79D906565A73BC51AAEC48C
0019 INFO    Computed host cryptogram = 65A73BC51AAEC48C
0020 DEBUG   apdu_cmd =  8482000010E1B8CA09D8790C98
0021 DEBUG   C_MAC =  65F31AEC5F7A5F2E
0022 INFO    Computed C_MAC = 65F31AEC5F7A5F2E
0023 INFO    KEY & DERIVATION METHOD IS CORRECT
log ends: Thu Apr  6 11:26:29 2017

